Time resolution is 1 ps
 Block Memory Generator module loading initial data...
 Block Memory Generator data initialization complete.
Block Memory Generator module tb_qc_encoder.qc_encoder_inst.G_row_inst.rom1.inst.\native_mem_module.blk_mem_gen_v8_4_4_inst  is using a behavioral model for simulation which will not precisely model memory collision behavior.
 Block Memory Generator module loading initial data...
 Block Memory Generator data initialization complete.
Block Memory Generator module tb_qc_encoder.qc_encoder_inst.G_row_inst.rom2.inst.\native_mem_module.blk_mem_gen_v8_4_4_inst  is using a behavioral model for simulation which will not precisely model memory collision behavior.
 Block Memory Generator module loading initial data...
 Block Memory Generator data initialization complete.
Block Memory Generator module tb_qc_encoder.qc_encoder_inst.G_row_inst.rom3.inst.\native_mem_module.blk_mem_gen_v8_4_4_inst  is using a behavioral model for simulation which will not precisely model memory collision behavior.
 Block Memory Generator module loading initial data...
 Block Memory Generator data initialization complete.
Block Memory Generator module tb_qc_encoder.qc_encoder_inst.G_row_inst.rom4.inst.\native_mem_module.blk_mem_gen_v8_4_4_inst  is using a behavioral model for simulation which will not precisely model memory collision behavior.
 Block Memory Generator module loading initial data...
 Block Memory Generator data initialization complete.
Block Memory Generator module tb_qc_encoder.qc_encoder_inst.G_row_inst.rom5.inst.\native_mem_module.blk_mem_gen_v8_4_4_inst  is using a behavioral model for simulation which will not precisely model memory collision behavior.
 Block Memory Generator module loading initial data...
 Block Memory Generator data initialization complete.
Block Memory Generator module tb_qc_encoder.qc_encoder_inst.G_row_inst.rom6.inst.\native_mem_module.blk_mem_gen_v8_4_4_inst  is using a behavioral model for simulation which will not precisely model memory collision behavior.
 Block Memory Generator module loading initial data...
 Block Memory Generator data initialization complete.
Block Memory Generator module tb_qc_encoder.qc_encoder_inst.G_row_inst.rom7.inst.\native_mem_module.blk_mem_gen_v8_4_4_inst  is using a behavioral model for simulation which will not precisely model memory collision behavior.
 Block Memory Generator module loading initial data...
 Block Memory Generator data initialization complete.
Block Memory Generator module tb_qc_encoder.qc_encoder_inst.G_row_inst.rom8.inst.\native_mem_module.blk_mem_gen_v8_4_4_inst  is using a behavioral model for simulation which will not precisely model memory collision behavior.
 Block Memory Generator module loading initial data...
 Block Memory Generator data initialization complete.
Block Memory Generator module tb_qc_encoder.qc_encoder_inst.G_row_inst.rom9.inst.\native_mem_module.blk_mem_gen_v8_4_4_inst  is using a behavioral model for simulation which will not precisely model memory collision behavior.
 Block Memory Generator module loading initial data...
 Block Memory Generator data initialization complete.
Block Memory Generator module tb_qc_encoder.qc_encoder_inst.G_row_inst.rom10.inst.\native_mem_module.blk_mem_gen_v8_4_4_inst  is using a behavioral model for simulation which will not precisely model memory collision behavior.
 Block Memory Generator module loading initial data...
 Block Memory Generator data initialization complete.
Block Memory Generator module tb_qc_encoder.qc_encoder_inst.G_row_inst.rom11.inst.\native_mem_module.blk_mem_gen_v8_4_4_inst  is using a behavioral model for simulation which will not precisely model memory collision behavior.
 Block Memory Generator module loading initial data...
 Block Memory Generator data initialization complete.
Block Memory Generator module tb_qc_encoder.qc_encoder_inst.G_row_inst.rom12.inst.\native_mem_module.blk_mem_gen_v8_4_4_inst  is using a behavioral model for simulation which will not precisely model memory collision behavior.
 Block Memory Generator module loading initial data...
 Block Memory Generator data initialization complete.
Block Memory Generator module tb_qc_encoder.qc_encoder_inst.G_row_inst.rom13.inst.\native_mem_module.blk_mem_gen_v8_4_4_inst  is using a behavioral model for simulation which will not precisely model memory collision behavior.
 Block Memory Generator module loading initial data...
 Block Memory Generator data initialization complete.
Block Memory Generator module tb_qc_encoder.qc_encoder_inst.G_row_inst.rom14.inst.\native_mem_module.blk_mem_gen_v8_4_4_inst  is using a behavioral model for simulation which will not precisely model memory collision behavior.
 Block Memory Generator module loading initial data...
 Block Memory Generator data initialization complete.
Block Memory Generator module tb_qc_encoder.qc_encoder_inst.G_row_inst.rom15.inst.\native_mem_module.blk_mem_gen_v8_4_4_inst  is using a behavioral model for simulation which will not precisely model memory collision behavior.
 Block Memory Generator module loading initial data...
 Block Memory Generator data initialization complete.
Block Memory Generator module tb_qc_encoder.qc_encoder_inst.G_row_inst.rom16.inst.\native_mem_module.blk_mem_gen_v8_4_4_inst  is using a behavioral model for simulation which will not precisely model memory collision behavior.
 Block Memory Generator module loading initial data...
 Block Memory Generator data initialization complete.
Block Memory Generator module tb_qc_encoder.qc_encoder_inst.G_row_inst.rom17.inst.\native_mem_module.blk_mem_gen_v8_4_4_inst  is using a behavioral model for simulation which will not precisely model memory collision behavior.
 Block Memory Generator module loading initial data...
 Block Memory Generator data initialization complete.
Block Memory Generator module tb_qc_encoder.qc_encoder_inst.G_row_inst.rom18.inst.\native_mem_module.blk_mem_gen_v8_4_4_inst  is using a behavioral model for simulation which will not precisely model memory collision behavior.
 Block Memory Generator module loading initial data...
 Block Memory Generator data initialization complete.
Block Memory Generator module tb_qc_encoder.qc_encoder_inst.G_row_inst.rom19.inst.\native_mem_module.blk_mem_gen_v8_4_4_inst  is using a behavioral model for simulation which will not precisely model memory collision behavior.
 Block Memory Generator module loading initial data...
 Block Memory Generator data initialization complete.
Block Memory Generator module tb_qc_encoder.qc_encoder_inst.G_row_inst.rom20.inst.\native_mem_module.blk_mem_gen_v8_4_4_inst  is using a behavioral model for simulation which will not precisely model memory collision behavior.
 Block Memory Generator module loading initial data...
 Block Memory Generator data initialization complete.
Block Memory Generator module tb_qc_encoder.qc_encoder_inst.G_row_inst.rom21.inst.\native_mem_module.blk_mem_gen_v8_4_4_inst  is using a behavioral model for simulation which will not precisely model memory collision behavior.
 Block Memory Generator module loading initial data...
 Block Memory Generator data initialization complete.
Block Memory Generator module tb_qc_encoder.qc_encoder_inst.G_row_inst.rom22.inst.\native_mem_module.blk_mem_gen_v8_4_4_inst  is using a behavioral model for simulation which will not precisely model memory collision behavior.
 Block Memory Generator module loading initial data...
 Block Memory Generator data initialization complete.
Block Memory Generator module tb_qc_encoder.qc_encoder_inst.G_row_inst.rom23.inst.\native_mem_module.blk_mem_gen_v8_4_4_inst  is using a behavioral model for simulation which will not precisely model memory collision behavior.
 Block Memory Generator module loading initial data...
 Block Memory Generator data initialization complete.
Block Memory Generator module tb_qc_encoder.qc_encoder_inst.G_row_inst.rom24.inst.\native_mem_module.blk_mem_gen_v8_4_4_inst  is using a behavioral model for simulation which will not precisely model memory collision behavior.
 Block Memory Generator module loading initial data...
 Block Memory Generator data initialization complete.
Block Memory Generator module tb_qc_encoder.qc_encoder_inst.G_row_inst.rom25.inst.\native_mem_module.blk_mem_gen_v8_4_4_inst  is using a behavioral model for simulation which will not precisely model memory collision behavior.
 Block Memory Generator module loading initial data...
 Block Memory Generator data initialization complete.
Block Memory Generator module tb_qc_encoder.qc_encoder_inst.G_row_inst.rom26.inst.\native_mem_module.blk_mem_gen_v8_4_4_inst  is using a behavioral model for simulation which will not precisely model memory collision behavior.
 Block Memory Generator module loading initial data...
 Block Memory Generator data initialization complete.
Block Memory Generator module tb_qc_encoder.qc_encoder_inst.G_row_inst.rom27.inst.\native_mem_module.blk_mem_gen_v8_4_4_inst  is using a behavioral model for simulation which will not precisely model memory collision behavior.
 Block Memory Generator module loading initial data...
 Block Memory Generator data initialization complete.
Block Memory Generator module tb_qc_encoder.prbs_rom_inst.inst.\native_mem_module.blk_mem_gen_v8_4_4_inst  is using a behavioral model for simulation which will not precisely model memory collision behavior.
blk_mem_gen_v8_4_4 WARNING: Address 12 is outside range for A Read
blk_mem_gen_v8_4_4 WARNING: Address 12 is outside range for A Read
blk_mem_gen_v8_4_4 WARNING: Address 12 is outside range for A Read
blk_mem_gen_v8_4_4 WARNING: Address 12 is outside range for A Read
blk_mem_gen_v8_4_4 WARNING: Address 12 is outside range for A Read
blk_mem_gen_v8_4_4 WARNING: Address 12 is outside range for A Read
blk_mem_gen_v8_4_4 WARNING: Address 12 is outside range for A Read
blk_mem_gen_v8_4_4 WARNING: Address 12 is outside range for A Read
blk_mem_gen_v8_4_4 WARNING: Address 12 is outside range for A Read
blk_mem_gen_v8_4_4 WARNING: Address 12 is outside range for A Read
blk_mem_gen_v8_4_4 WARNING: Address 12 is outside range for A Read
blk_mem_gen_v8_4_4 WARNING: Address 12 is outside range for A Read
blk_mem_gen_v8_4_4 WARNING: Address 12 is outside range for A Read
blk_mem_gen_v8_4_4 WARNING: Address 12 is outside range for A Read
blk_mem_gen_v8_4_4 WARNING: Address 12 is outside range for A Read
blk_mem_gen_v8_4_4 WARNING: Address 12 is outside range for A Read
blk_mem_gen_v8_4_4 WARNING: Address 12 is outside range for A Read
blk_mem_gen_v8_4_4 WARNING: Address 12 is outside range for A Read
blk_mem_gen_v8_4_4 WARNING: Address 12 is outside range for A Read
blk_mem_gen_v8_4_4 WARNING: Address 12 is outside range for A Read
blk_mem_gen_v8_4_4 WARNING: Address 12 is outside range for A Read
blk_mem_gen_v8_4_4 WARNING: Address 12 is outside range for A Read
blk_mem_gen_v8_4_4 WARNING: Address 12 is outside range for A Read
blk_mem_gen_v8_4_4 WARNING: Address 12 is outside range for A Read
blk_mem_gen_v8_4_4 WARNING: Address 12 is outside range for A Read
blk_mem_gen_v8_4_4 WARNING: Address 12 is outside range for A Read
blk_mem_gen_v8_4_4 WARNING: Address 12 is outside range for A Read
blk_mem_gen_v8_4_4 WARNING: Address 12 is outside range for A Read
blk_mem_gen_v8_4_4 WARNING: Address 12 is outside range for A Read
blk_mem_gen_v8_4_4 WARNING: Address 12 is outside range for A Read
blk_mem_gen_v8_4_4 WARNING: Address 12 is outside range for A Read
blk_mem_gen_v8_4_4 WARNING: Address 12 is outside range for A Read
blk_mem_gen_v8_4_4 WARNING: Address 12 is outside range for A Read
blk_mem_gen_v8_4_4 WARNING: Address 12 is outside range for A Read
blk_mem_gen_v8_4_4 WARNING: Address 12 is outside range for A Read
blk_mem_gen_v8_4_4 WARNING: Address 12 is outside range for A Read
blk_mem_gen_v8_4_4 WARNING: Address 12 is outside range for A Read
blk_mem_gen_v8_4_4 WARNING: Address 12 is outside range for A Read
blk_mem_gen_v8_4_4 WARNING: Address 12 is outside range for A Read
blk_mem_gen_v8_4_4 WARNING: Address 12 is outside range for A Read
blk_mem_gen_v8_4_4 WARNING: Address 12 is outside range for A Read
blk_mem_gen_v8_4_4 WARNING: Address 12 is outside range for A Read
blk_mem_gen_v8_4_4 WARNING: Address 12 is outside range for A Read
blk_mem_gen_v8_4_4 WARNING: Address 12 is outside range for A Read
blk_mem_gen_v8_4_4 WARNING: Address 12 is outside range for A Read
blk_mem_gen_v8_4_4 WARNING: Address 12 is outside range for A Read
blk_mem_gen_v8_4_4 WARNING: Address 12 is outside range for A Read
blk_mem_gen_v8_4_4 WARNING: Address 12 is outside range for A Read
blk_mem_gen_v8_4_4 WARNING: Address 12 is outside range for A Read
blk_mem_gen_v8_4_4 WARNING: Address 12 is outside range for A Read
blk_mem_gen_v8_4_4 WARNING: Address 12 is outside range for A Read
blk_mem_gen_v8_4_4 WARNING: Address 12 is outside range for A Read
blk_mem_gen_v8_4_4 WARNING: Address 12 is outside range for A Read
blk_mem_gen_v8_4_4 WARNING: Address 12 is outside range for A Read
blk_mem_gen_v8_4_4 WARNING: Address 12 is outside range for A Read
blk_mem_gen_v8_4_4 WARNING: Address 12 is outside range for A Read
