
*** Running vivado
    with args -log qc_encoder.vds -m64 -product Vivado -mode batch -messageDb vivado.pb -notrace -source qc_encoder.tcl



****** Vivado v2021.1 (64-bit)
  **** SW Build 3247384 on Thu Jun 10 19:36:33 MDT 2021
  **** IP Build 3246043 on Fri Jun 11 00:30:35 MDT 2021
    ** Copyright 1986-2021 Xilinx, Inc. All Rights Reserved.

source qc_encoder.tcl -notrace
Command: synth_design -top qc_encoder -part xc7k420tiffg901-2L
Starting synth_design
Attempting to get a license for feature 'Synthesis' and/or device 'xc7k420ti'
INFO: [Common 17-349] Got license for feature 'Synthesis' and/or device 'xc7k420ti'
INFO: [Device 21-403] Loading part xc7k420tiffg901-2L
INFO: [Synth 8-7079] Multithreading enabled for synth_design using a maximum of 2 processes.
INFO: [Synth 8-7078] Launching helper process for spawning children vivado processes
INFO: [Synth 8-7075] Helper process launched with PID 105656
---------------------------------------------------------------------------------
Starting RTL Elaboration : Time (s): cpu = 00:00:01 ; elapsed = 00:00:03 . Memory (MB): peak = 1249.406 ; gain = 0.000
---------------------------------------------------------------------------------
INFO: [Synth 8-6157] synthesizing module 'qc_encoder' [C:/Work/Codes/Realtime/encode_ru_wd/rtl/qc_encoder.sv:3]
INFO: [Synth 8-6157] synthesizing module 'G_row' [C:/Work/Codes/Realtime/encode_ru_wd/rtl/G_row.sv:22]
INFO: [Synth 8-6157] synthesizing module 'rom1' [C:/Work/Codes/Realtime/encode_ru_wd/ldpc_ru_encoder/ldpc_ru_encoder.runs/synth_1/.Xil/Vivado-105888-DESKTOP-JR71JQO/realtime/rom1_stub.v:6]
INFO: [Synth 8-6155] done synthesizing module 'rom1' (1#1) [C:/Work/Codes/Realtime/encode_ru_wd/ldpc_ru_encoder/ldpc_ru_encoder.runs/synth_1/.Xil/Vivado-105888-DESKTOP-JR71JQO/realtime/rom1_stub.v:6]
INFO: [Synth 8-6157] synthesizing module 'rom2' [C:/Work/Codes/Realtime/encode_ru_wd/ldpc_ru_encoder/ldpc_ru_encoder.runs/synth_1/.Xil/Vivado-105888-DESKTOP-JR71JQO/realtime/rom2_stub.v:6]
INFO: [Synth 8-6155] done synthesizing module 'rom2' (2#1) [C:/Work/Codes/Realtime/encode_ru_wd/ldpc_ru_encoder/ldpc_ru_encoder.runs/synth_1/.Xil/Vivado-105888-DESKTOP-JR71JQO/realtime/rom2_stub.v:6]
INFO: [Synth 8-6157] synthesizing module 'rom3' [C:/Work/Codes/Realtime/encode_ru_wd/ldpc_ru_encoder/ldpc_ru_encoder.runs/synth_1/.Xil/Vivado-105888-DESKTOP-JR71JQO/realtime/rom3_stub.v:6]
INFO: [Synth 8-6155] done synthesizing module 'rom3' (3#1) [C:/Work/Codes/Realtime/encode_ru_wd/ldpc_ru_encoder/ldpc_ru_encoder.runs/synth_1/.Xil/Vivado-105888-DESKTOP-JR71JQO/realtime/rom3_stub.v:6]
INFO: [Synth 8-6157] synthesizing module 'rom4' [C:/Work/Codes/Realtime/encode_ru_wd/ldpc_ru_encoder/ldpc_ru_encoder.runs/synth_1/.Xil/Vivado-105888-DESKTOP-JR71JQO/realtime/rom4_stub.v:6]
INFO: [Synth 8-6155] done synthesizing module 'rom4' (4#1) [C:/Work/Codes/Realtime/encode_ru_wd/ldpc_ru_encoder/ldpc_ru_encoder.runs/synth_1/.Xil/Vivado-105888-DESKTOP-JR71JQO/realtime/rom4_stub.v:6]
INFO: [Synth 8-6157] synthesizing module 'rom5' [C:/Work/Codes/Realtime/encode_ru_wd/ldpc_ru_encoder/ldpc_ru_encoder.runs/synth_1/.Xil/Vivado-105888-DESKTOP-JR71JQO/realtime/rom5_stub.v:6]
INFO: [Synth 8-6155] done synthesizing module 'rom5' (5#1) [C:/Work/Codes/Realtime/encode_ru_wd/ldpc_ru_encoder/ldpc_ru_encoder.runs/synth_1/.Xil/Vivado-105888-DESKTOP-JR71JQO/realtime/rom5_stub.v:6]
INFO: [Synth 8-6157] synthesizing module 'rom6' [C:/Work/Codes/Realtime/encode_ru_wd/ldpc_ru_encoder/ldpc_ru_encoder.runs/synth_1/.Xil/Vivado-105888-DESKTOP-JR71JQO/realtime/rom6_stub.v:6]
INFO: [Synth 8-6155] done synthesizing module 'rom6' (6#1) [C:/Work/Codes/Realtime/encode_ru_wd/ldpc_ru_encoder/ldpc_ru_encoder.runs/synth_1/.Xil/Vivado-105888-DESKTOP-JR71JQO/realtime/rom6_stub.v:6]
INFO: [Synth 8-6157] synthesizing module 'rom7' [C:/Work/Codes/Realtime/encode_ru_wd/ldpc_ru_encoder/ldpc_ru_encoder.runs/synth_1/.Xil/Vivado-105888-DESKTOP-JR71JQO/realtime/rom7_stub.v:6]
INFO: [Synth 8-6155] done synthesizing module 'rom7' (7#1) [C:/Work/Codes/Realtime/encode_ru_wd/ldpc_ru_encoder/ldpc_ru_encoder.runs/synth_1/.Xil/Vivado-105888-DESKTOP-JR71JQO/realtime/rom7_stub.v:6]
INFO: [Synth 8-6157] synthesizing module 'rom8' [C:/Work/Codes/Realtime/encode_ru_wd/ldpc_ru_encoder/ldpc_ru_encoder.runs/synth_1/.Xil/Vivado-105888-DESKTOP-JR71JQO/realtime/rom8_stub.v:6]
INFO: [Synth 8-6155] done synthesizing module 'rom8' (8#1) [C:/Work/Codes/Realtime/encode_ru_wd/ldpc_ru_encoder/ldpc_ru_encoder.runs/synth_1/.Xil/Vivado-105888-DESKTOP-JR71JQO/realtime/rom8_stub.v:6]
INFO: [Synth 8-6157] synthesizing module 'rom9' [C:/Work/Codes/Realtime/encode_ru_wd/ldpc_ru_encoder/ldpc_ru_encoder.runs/synth_1/.Xil/Vivado-105888-DESKTOP-JR71JQO/realtime/rom9_stub.v:6]
INFO: [Synth 8-6155] done synthesizing module 'rom9' (9#1) [C:/Work/Codes/Realtime/encode_ru_wd/ldpc_ru_encoder/ldpc_ru_encoder.runs/synth_1/.Xil/Vivado-105888-DESKTOP-JR71JQO/realtime/rom9_stub.v:6]
INFO: [Synth 8-6157] synthesizing module 'rom10' [C:/Work/Codes/Realtime/encode_ru_wd/ldpc_ru_encoder/ldpc_ru_encoder.runs/synth_1/.Xil/Vivado-105888-DESKTOP-JR71JQO/realtime/rom10_stub.v:6]
INFO: [Synth 8-6155] done synthesizing module 'rom10' (10#1) [C:/Work/Codes/Realtime/encode_ru_wd/ldpc_ru_encoder/ldpc_ru_encoder.runs/synth_1/.Xil/Vivado-105888-DESKTOP-JR71JQO/realtime/rom10_stub.v:6]
INFO: [Synth 8-6157] synthesizing module 'rom11' [C:/Work/Codes/Realtime/encode_ru_wd/ldpc_ru_encoder/ldpc_ru_encoder.runs/synth_1/.Xil/Vivado-105888-DESKTOP-JR71JQO/realtime/rom11_stub.v:6]
INFO: [Synth 8-6155] done synthesizing module 'rom11' (11#1) [C:/Work/Codes/Realtime/encode_ru_wd/ldpc_ru_encoder/ldpc_ru_encoder.runs/synth_1/.Xil/Vivado-105888-DESKTOP-JR71JQO/realtime/rom11_stub.v:6]
INFO: [Synth 8-6157] synthesizing module 'rom12' [C:/Work/Codes/Realtime/encode_ru_wd/ldpc_ru_encoder/ldpc_ru_encoder.runs/synth_1/.Xil/Vivado-105888-DESKTOP-JR71JQO/realtime/rom12_stub.v:6]
INFO: [Synth 8-6155] done synthesizing module 'rom12' (12#1) [C:/Work/Codes/Realtime/encode_ru_wd/ldpc_ru_encoder/ldpc_ru_encoder.runs/synth_1/.Xil/Vivado-105888-DESKTOP-JR71JQO/realtime/rom12_stub.v:6]
INFO: [Synth 8-6157] synthesizing module 'rom13' [C:/Work/Codes/Realtime/encode_ru_wd/ldpc_ru_encoder/ldpc_ru_encoder.runs/synth_1/.Xil/Vivado-105888-DESKTOP-JR71JQO/realtime/rom13_stub.v:6]
INFO: [Synth 8-6155] done synthesizing module 'rom13' (13#1) [C:/Work/Codes/Realtime/encode_ru_wd/ldpc_ru_encoder/ldpc_ru_encoder.runs/synth_1/.Xil/Vivado-105888-DESKTOP-JR71JQO/realtime/rom13_stub.v:6]
INFO: [Synth 8-6157] synthesizing module 'rom14' [C:/Work/Codes/Realtime/encode_ru_wd/ldpc_ru_encoder/ldpc_ru_encoder.runs/synth_1/.Xil/Vivado-105888-DESKTOP-JR71JQO/realtime/rom14_stub.v:6]
INFO: [Synth 8-6155] done synthesizing module 'rom14' (14#1) [C:/Work/Codes/Realtime/encode_ru_wd/ldpc_ru_encoder/ldpc_ru_encoder.runs/synth_1/.Xil/Vivado-105888-DESKTOP-JR71JQO/realtime/rom14_stub.v:6]
INFO: [Synth 8-6157] synthesizing module 'rom15' [C:/Work/Codes/Realtime/encode_ru_wd/ldpc_ru_encoder/ldpc_ru_encoder.runs/synth_1/.Xil/Vivado-105888-DESKTOP-JR71JQO/realtime/rom15_stub.v:6]
INFO: [Synth 8-6155] done synthesizing module 'rom15' (15#1) [C:/Work/Codes/Realtime/encode_ru_wd/ldpc_ru_encoder/ldpc_ru_encoder.runs/synth_1/.Xil/Vivado-105888-DESKTOP-JR71JQO/realtime/rom15_stub.v:6]
INFO: [Synth 8-6157] synthesizing module 'rom16' [C:/Work/Codes/Realtime/encode_ru_wd/ldpc_ru_encoder/ldpc_ru_encoder.runs/synth_1/.Xil/Vivado-105888-DESKTOP-JR71JQO/realtime/rom16_stub.v:6]
INFO: [Synth 8-6155] done synthesizing module 'rom16' (16#1) [C:/Work/Codes/Realtime/encode_ru_wd/ldpc_ru_encoder/ldpc_ru_encoder.runs/synth_1/.Xil/Vivado-105888-DESKTOP-JR71JQO/realtime/rom16_stub.v:6]
INFO: [Synth 8-6157] synthesizing module 'rom17' [C:/Work/Codes/Realtime/encode_ru_wd/ldpc_ru_encoder/ldpc_ru_encoder.runs/synth_1/.Xil/Vivado-105888-DESKTOP-JR71JQO/realtime/rom17_stub.v:6]
INFO: [Synth 8-6155] done synthesizing module 'rom17' (17#1) [C:/Work/Codes/Realtime/encode_ru_wd/ldpc_ru_encoder/ldpc_ru_encoder.runs/synth_1/.Xil/Vivado-105888-DESKTOP-JR71JQO/realtime/rom17_stub.v:6]
INFO: [Synth 8-6157] synthesizing module 'rom18' [C:/Work/Codes/Realtime/encode_ru_wd/ldpc_ru_encoder/ldpc_ru_encoder.runs/synth_1/.Xil/Vivado-105888-DESKTOP-JR71JQO/realtime/rom18_stub.v:6]
INFO: [Synth 8-6155] done synthesizing module 'rom18' (18#1) [C:/Work/Codes/Realtime/encode_ru_wd/ldpc_ru_encoder/ldpc_ru_encoder.runs/synth_1/.Xil/Vivado-105888-DESKTOP-JR71JQO/realtime/rom18_stub.v:6]
INFO: [Synth 8-6157] synthesizing module 'rom19' [C:/Work/Codes/Realtime/encode_ru_wd/ldpc_ru_encoder/ldpc_ru_encoder.runs/synth_1/.Xil/Vivado-105888-DESKTOP-JR71JQO/realtime/rom19_stub.v:6]
INFO: [Synth 8-6155] done synthesizing module 'rom19' (19#1) [C:/Work/Codes/Realtime/encode_ru_wd/ldpc_ru_encoder/ldpc_ru_encoder.runs/synth_1/.Xil/Vivado-105888-DESKTOP-JR71JQO/realtime/rom19_stub.v:6]
INFO: [Synth 8-6157] synthesizing module 'rom20' [C:/Work/Codes/Realtime/encode_ru_wd/ldpc_ru_encoder/ldpc_ru_encoder.runs/synth_1/.Xil/Vivado-105888-DESKTOP-JR71JQO/realtime/rom20_stub.v:6]
INFO: [Synth 8-6155] done synthesizing module 'rom20' (20#1) [C:/Work/Codes/Realtime/encode_ru_wd/ldpc_ru_encoder/ldpc_ru_encoder.runs/synth_1/.Xil/Vivado-105888-DESKTOP-JR71JQO/realtime/rom20_stub.v:6]
INFO: [Synth 8-6157] synthesizing module 'rom21' [C:/Work/Codes/Realtime/encode_ru_wd/ldpc_ru_encoder/ldpc_ru_encoder.runs/synth_1/.Xil/Vivado-105888-DESKTOP-JR71JQO/realtime/rom21_stub.v:6]
INFO: [Synth 8-6155] done synthesizing module 'rom21' (21#1) [C:/Work/Codes/Realtime/encode_ru_wd/ldpc_ru_encoder/ldpc_ru_encoder.runs/synth_1/.Xil/Vivado-105888-DESKTOP-JR71JQO/realtime/rom21_stub.v:6]
INFO: [Synth 8-6157] synthesizing module 'rom22' [C:/Work/Codes/Realtime/encode_ru_wd/ldpc_ru_encoder/ldpc_ru_encoder.runs/synth_1/.Xil/Vivado-105888-DESKTOP-JR71JQO/realtime/rom22_stub.v:6]
INFO: [Synth 8-6155] done synthesizing module 'rom22' (22#1) [C:/Work/Codes/Realtime/encode_ru_wd/ldpc_ru_encoder/ldpc_ru_encoder.runs/synth_1/.Xil/Vivado-105888-DESKTOP-JR71JQO/realtime/rom22_stub.v:6]
INFO: [Synth 8-6157] synthesizing module 'rom23' [C:/Work/Codes/Realtime/encode_ru_wd/ldpc_ru_encoder/ldpc_ru_encoder.runs/synth_1/.Xil/Vivado-105888-DESKTOP-JR71JQO/realtime/rom23_stub.v:6]
INFO: [Synth 8-6155] done synthesizing module 'rom23' (23#1) [C:/Work/Codes/Realtime/encode_ru_wd/ldpc_ru_encoder/ldpc_ru_encoder.runs/synth_1/.Xil/Vivado-105888-DESKTOP-JR71JQO/realtime/rom23_stub.v:6]
INFO: [Synth 8-6157] synthesizing module 'rom24' [C:/Work/Codes/Realtime/encode_ru_wd/ldpc_ru_encoder/ldpc_ru_encoder.runs/synth_1/.Xil/Vivado-105888-DESKTOP-JR71JQO/realtime/rom24_stub.v:6]
INFO: [Synth 8-6155] done synthesizing module 'rom24' (24#1) [C:/Work/Codes/Realtime/encode_ru_wd/ldpc_ru_encoder/ldpc_ru_encoder.runs/synth_1/.Xil/Vivado-105888-DESKTOP-JR71JQO/realtime/rom24_stub.v:6]
INFO: [Synth 8-6157] synthesizing module 'rom25' [C:/Work/Codes/Realtime/encode_ru_wd/ldpc_ru_encoder/ldpc_ru_encoder.runs/synth_1/.Xil/Vivado-105888-DESKTOP-JR71JQO/realtime/rom25_stub.v:6]
INFO: [Synth 8-6155] done synthesizing module 'rom25' (25#1) [C:/Work/Codes/Realtime/encode_ru_wd/ldpc_ru_encoder/ldpc_ru_encoder.runs/synth_1/.Xil/Vivado-105888-DESKTOP-JR71JQO/realtime/rom25_stub.v:6]
INFO: [Synth 8-6157] synthesizing module 'rom26' [C:/Work/Codes/Realtime/encode_ru_wd/ldpc_ru_encoder/ldpc_ru_encoder.runs/synth_1/.Xil/Vivado-105888-DESKTOP-JR71JQO/realtime/rom26_stub.v:6]
INFO: [Synth 8-6155] done synthesizing module 'rom26' (26#1) [C:/Work/Codes/Realtime/encode_ru_wd/ldpc_ru_encoder/ldpc_ru_encoder.runs/synth_1/.Xil/Vivado-105888-DESKTOP-JR71JQO/realtime/rom26_stub.v:6]
INFO: [Synth 8-6157] synthesizing module 'rom27' [C:/Work/Codes/Realtime/encode_ru_wd/ldpc_ru_encoder/ldpc_ru_encoder.runs/synth_1/.Xil/Vivado-105888-DESKTOP-JR71JQO/realtime/rom27_stub.v:6]
INFO: [Synth 8-6155] done synthesizing module 'rom27' (27#1) [C:/Work/Codes/Realtime/encode_ru_wd/ldpc_ru_encoder/ldpc_ru_encoder.runs/synth_1/.Xil/Vivado-105888-DESKTOP-JR71JQO/realtime/rom27_stub.v:6]
INFO: [Synth 8-6155] done synthesizing module 'G_row' (28#1) [C:/Work/Codes/Realtime/encode_ru_wd/rtl/G_row.sv:22]
INFO: [Synth 8-6157] synthesizing module 'encode' [C:/Work/Codes/Realtime/encode_ru_wd/rtl/encode.sv:22]
INFO: [Synth 8-6155] done synthesizing module 'encode' (29#1) [C:/Work/Codes/Realtime/encode_ru_wd/rtl/encode.sv:22]
INFO: [Synth 8-6155] done synthesizing module 'qc_encoder' (30#1) [C:/Work/Codes/Realtime/encode_ru_wd/rtl/qc_encoder.sv:3]
---------------------------------------------------------------------------------
Finished RTL Elaboration : Time (s): cpu = 00:00:01 ; elapsed = 00:00:03 . Memory (MB): peak = 1249.406 ; gain = 0.000
---------------------------------------------------------------------------------
---------------------------------------------------------------------------------
Start Handling Custom Attributes
---------------------------------------------------------------------------------
---------------------------------------------------------------------------------
Finished Handling Custom Attributes : Time (s): cpu = 00:00:01 ; elapsed = 00:00:04 . Memory (MB): peak = 1249.406 ; gain = 0.000
---------------------------------------------------------------------------------
---------------------------------------------------------------------------------
Finished RTL Optimization Phase 1 : Time (s): cpu = 00:00:01 ; elapsed = 00:00:04 . Memory (MB): peak = 1249.406 ; gain = 0.000
---------------------------------------------------------------------------------
Netlist sorting complete. Time (s): cpu = 00:00:00 ; elapsed = 00:00:00.059 . Memory (MB): peak = 1249.406 ; gain = 0.000
INFO: [Project 1-570] Preparing netlist for logic optimization

Processing XDC Constraints
Initializing timing engine
Parsing XDC File [c:/Work/Codes/Realtime/encode_ru_wd/ldpc_ru_encoder/ldpc_ru_encoder.gen/sources_1/ip/rom1/rom1/rom1_in_context.xdc] for cell 'G_row_inst/rom1'
Finished Parsing XDC File [c:/Work/Codes/Realtime/encode_ru_wd/ldpc_ru_encoder/ldpc_ru_encoder.gen/sources_1/ip/rom1/rom1/rom1_in_context.xdc] for cell 'G_row_inst/rom1'
Parsing XDC File [c:/Work/Codes/Realtime/encode_ru_wd/ldpc_ru_encoder/ldpc_ru_encoder.gen/sources_1/ip/rom2/rom2/rom2_in_context.xdc] for cell 'G_row_inst/rom2'
Finished Parsing XDC File [c:/Work/Codes/Realtime/encode_ru_wd/ldpc_ru_encoder/ldpc_ru_encoder.gen/sources_1/ip/rom2/rom2/rom2_in_context.xdc] for cell 'G_row_inst/rom2'
Parsing XDC File [c:/Work/Codes/Realtime/encode_ru_wd/ldpc_ru_encoder/ldpc_ru_encoder.gen/sources_1/ip/rom3/rom3/rom3_in_context.xdc] for cell 'G_row_inst/rom3'
Finished Parsing XDC File [c:/Work/Codes/Realtime/encode_ru_wd/ldpc_ru_encoder/ldpc_ru_encoder.gen/sources_1/ip/rom3/rom3/rom3_in_context.xdc] for cell 'G_row_inst/rom3'
Parsing XDC File [c:/Work/Codes/Realtime/encode_ru_wd/ldpc_ru_encoder/ldpc_ru_encoder.gen/sources_1/ip/rom4/rom4/rom4_in_context.xdc] for cell 'G_row_inst/rom4'
Finished Parsing XDC File [c:/Work/Codes/Realtime/encode_ru_wd/ldpc_ru_encoder/ldpc_ru_encoder.gen/sources_1/ip/rom4/rom4/rom4_in_context.xdc] for cell 'G_row_inst/rom4'
Parsing XDC File [c:/Work/Codes/Realtime/encode_ru_wd/ldpc_ru_encoder/ldpc_ru_encoder.gen/sources_1/ip/rom5/rom5/rom5_in_context.xdc] for cell 'G_row_inst/rom5'
Finished Parsing XDC File [c:/Work/Codes/Realtime/encode_ru_wd/ldpc_ru_encoder/ldpc_ru_encoder.gen/sources_1/ip/rom5/rom5/rom5_in_context.xdc] for cell 'G_row_inst/rom5'
Parsing XDC File [c:/Work/Codes/Realtime/encode_ru_wd/ldpc_ru_encoder/ldpc_ru_encoder.gen/sources_1/ip/rom6/rom6/rom6_in_context.xdc] for cell 'G_row_inst/rom6'
Finished Parsing XDC File [c:/Work/Codes/Realtime/encode_ru_wd/ldpc_ru_encoder/ldpc_ru_encoder.gen/sources_1/ip/rom6/rom6/rom6_in_context.xdc] for cell 'G_row_inst/rom6'
Parsing XDC File [c:/Work/Codes/Realtime/encode_ru_wd/ldpc_ru_encoder/ldpc_ru_encoder.gen/sources_1/ip/rom7/rom7/rom7_in_context.xdc] for cell 'G_row_inst/rom7'
Finished Parsing XDC File [c:/Work/Codes/Realtime/encode_ru_wd/ldpc_ru_encoder/ldpc_ru_encoder.gen/sources_1/ip/rom7/rom7/rom7_in_context.xdc] for cell 'G_row_inst/rom7'
Parsing XDC File [c:/Work/Codes/Realtime/encode_ru_wd/ldpc_ru_encoder/ldpc_ru_encoder.gen/sources_1/ip/rom8/rom8/rom8_in_context.xdc] for cell 'G_row_inst/rom8'
Finished Parsing XDC File [c:/Work/Codes/Realtime/encode_ru_wd/ldpc_ru_encoder/ldpc_ru_encoder.gen/sources_1/ip/rom8/rom8/rom8_in_context.xdc] for cell 'G_row_inst/rom8'
Parsing XDC File [c:/Work/Codes/Realtime/encode_ru_wd/ldpc_ru_encoder/ldpc_ru_encoder.gen/sources_1/ip/rom9/rom9/rom9_in_context.xdc] for cell 'G_row_inst/rom9'
Finished Parsing XDC File [c:/Work/Codes/Realtime/encode_ru_wd/ldpc_ru_encoder/ldpc_ru_encoder.gen/sources_1/ip/rom9/rom9/rom9_in_context.xdc] for cell 'G_row_inst/rom9'
Parsing XDC File [c:/Work/Codes/Realtime/encode_ru_wd/ldpc_ru_encoder/ldpc_ru_encoder.gen/sources_1/ip/rom10/rom10/rom10_in_context.xdc] for cell 'G_row_inst/rom10'
Finished Parsing XDC File [c:/Work/Codes/Realtime/encode_ru_wd/ldpc_ru_encoder/ldpc_ru_encoder.gen/sources_1/ip/rom10/rom10/rom10_in_context.xdc] for cell 'G_row_inst/rom10'
Parsing XDC File [c:/Work/Codes/Realtime/encode_ru_wd/ldpc_ru_encoder/ldpc_ru_encoder.gen/sources_1/ip/rom11/rom11/rom11_in_context.xdc] for cell 'G_row_inst/rom11'
Finished Parsing XDC File [c:/Work/Codes/Realtime/encode_ru_wd/ldpc_ru_encoder/ldpc_ru_encoder.gen/sources_1/ip/rom11/rom11/rom11_in_context.xdc] for cell 'G_row_inst/rom11'
Parsing XDC File [c:/Work/Codes/Realtime/encode_ru_wd/ldpc_ru_encoder/ldpc_ru_encoder.gen/sources_1/ip/rom12/rom12/rom12_in_context.xdc] for cell 'G_row_inst/rom12'
Finished Parsing XDC File [c:/Work/Codes/Realtime/encode_ru_wd/ldpc_ru_encoder/ldpc_ru_encoder.gen/sources_1/ip/rom12/rom12/rom12_in_context.xdc] for cell 'G_row_inst/rom12'
Parsing XDC File [c:/Work/Codes/Realtime/encode_ru_wd/ldpc_ru_encoder/ldpc_ru_encoder.gen/sources_1/ip/rom13/rom13/rom13_in_context.xdc] for cell 'G_row_inst/rom13'
Finished Parsing XDC File [c:/Work/Codes/Realtime/encode_ru_wd/ldpc_ru_encoder/ldpc_ru_encoder.gen/sources_1/ip/rom13/rom13/rom13_in_context.xdc] for cell 'G_row_inst/rom13'
Parsing XDC File [c:/Work/Codes/Realtime/encode_ru_wd/ldpc_ru_encoder/ldpc_ru_encoder.gen/sources_1/ip/rom14/rom14/rom14_in_context.xdc] for cell 'G_row_inst/rom14'
Finished Parsing XDC File [c:/Work/Codes/Realtime/encode_ru_wd/ldpc_ru_encoder/ldpc_ru_encoder.gen/sources_1/ip/rom14/rom14/rom14_in_context.xdc] for cell 'G_row_inst/rom14'
Parsing XDC File [c:/Work/Codes/Realtime/encode_ru_wd/ldpc_ru_encoder/ldpc_ru_encoder.gen/sources_1/ip/rom15/rom15/rom15_in_context.xdc] for cell 'G_row_inst/rom15'
Finished Parsing XDC File [c:/Work/Codes/Realtime/encode_ru_wd/ldpc_ru_encoder/ldpc_ru_encoder.gen/sources_1/ip/rom15/rom15/rom15_in_context.xdc] for cell 'G_row_inst/rom15'
Parsing XDC File [c:/Work/Codes/Realtime/encode_ru_wd/ldpc_ru_encoder/ldpc_ru_encoder.gen/sources_1/ip/rom16/rom16/rom16_in_context.xdc] for cell 'G_row_inst/rom16'
Finished Parsing XDC File [c:/Work/Codes/Realtime/encode_ru_wd/ldpc_ru_encoder/ldpc_ru_encoder.gen/sources_1/ip/rom16/rom16/rom16_in_context.xdc] for cell 'G_row_inst/rom16'
Parsing XDC File [c:/Work/Codes/Realtime/encode_ru_wd/ldpc_ru_encoder/ldpc_ru_encoder.gen/sources_1/ip/rom17/rom17/rom17_in_context.xdc] for cell 'G_row_inst/rom17'
Finished Parsing XDC File [c:/Work/Codes/Realtime/encode_ru_wd/ldpc_ru_encoder/ldpc_ru_encoder.gen/sources_1/ip/rom17/rom17/rom17_in_context.xdc] for cell 'G_row_inst/rom17'
Parsing XDC File [c:/Work/Codes/Realtime/encode_ru_wd/ldpc_ru_encoder/ldpc_ru_encoder.gen/sources_1/ip/rom18/rom18/rom18_in_context.xdc] for cell 'G_row_inst/rom18'
Finished Parsing XDC File [c:/Work/Codes/Realtime/encode_ru_wd/ldpc_ru_encoder/ldpc_ru_encoder.gen/sources_1/ip/rom18/rom18/rom18_in_context.xdc] for cell 'G_row_inst/rom18'
Parsing XDC File [c:/Work/Codes/Realtime/encode_ru_wd/ldpc_ru_encoder/ldpc_ru_encoder.gen/sources_1/ip/rom19/rom19/rom19_in_context.xdc] for cell 'G_row_inst/rom19'
Finished Parsing XDC File [c:/Work/Codes/Realtime/encode_ru_wd/ldpc_ru_encoder/ldpc_ru_encoder.gen/sources_1/ip/rom19/rom19/rom19_in_context.xdc] for cell 'G_row_inst/rom19'
Parsing XDC File [c:/Work/Codes/Realtime/encode_ru_wd/ldpc_ru_encoder/ldpc_ru_encoder.gen/sources_1/ip/rom20/rom20/rom20_in_context.xdc] for cell 'G_row_inst/rom20'
Finished Parsing XDC File [c:/Work/Codes/Realtime/encode_ru_wd/ldpc_ru_encoder/ldpc_ru_encoder.gen/sources_1/ip/rom20/rom20/rom20_in_context.xdc] for cell 'G_row_inst/rom20'
Parsing XDC File [c:/Work/Codes/Realtime/encode_ru_wd/ldpc_ru_encoder/ldpc_ru_encoder.gen/sources_1/ip/rom21/rom21/rom21_in_context.xdc] for cell 'G_row_inst/rom21'
Finished Parsing XDC File [c:/Work/Codes/Realtime/encode_ru_wd/ldpc_ru_encoder/ldpc_ru_encoder.gen/sources_1/ip/rom21/rom21/rom21_in_context.xdc] for cell 'G_row_inst/rom21'
Parsing XDC File [c:/Work/Codes/Realtime/encode_ru_wd/ldpc_ru_encoder/ldpc_ru_encoder.gen/sources_1/ip/rom22/rom22/rom22_in_context.xdc] for cell 'G_row_inst/rom22'
Finished Parsing XDC File [c:/Work/Codes/Realtime/encode_ru_wd/ldpc_ru_encoder/ldpc_ru_encoder.gen/sources_1/ip/rom22/rom22/rom22_in_context.xdc] for cell 'G_row_inst/rom22'
Parsing XDC File [c:/Work/Codes/Realtime/encode_ru_wd/ldpc_ru_encoder/ldpc_ru_encoder.gen/sources_1/ip/rom23/rom23/rom23_in_context.xdc] for cell 'G_row_inst/rom23'
Finished Parsing XDC File [c:/Work/Codes/Realtime/encode_ru_wd/ldpc_ru_encoder/ldpc_ru_encoder.gen/sources_1/ip/rom23/rom23/rom23_in_context.xdc] for cell 'G_row_inst/rom23'
Parsing XDC File [c:/Work/Codes/Realtime/encode_ru_wd/ldpc_ru_encoder/ldpc_ru_encoder.gen/sources_1/ip/rom24/rom24/rom24_in_context.xdc] for cell 'G_row_inst/rom24'
Finished Parsing XDC File [c:/Work/Codes/Realtime/encode_ru_wd/ldpc_ru_encoder/ldpc_ru_encoder.gen/sources_1/ip/rom24/rom24/rom24_in_context.xdc] for cell 'G_row_inst/rom24'
Parsing XDC File [c:/Work/Codes/Realtime/encode_ru_wd/ldpc_ru_encoder/ldpc_ru_encoder.gen/sources_1/ip/rom25/rom25/rom25_in_context.xdc] for cell 'G_row_inst/rom25'
Finished Parsing XDC File [c:/Work/Codes/Realtime/encode_ru_wd/ldpc_ru_encoder/ldpc_ru_encoder.gen/sources_1/ip/rom25/rom25/rom25_in_context.xdc] for cell 'G_row_inst/rom25'
Parsing XDC File [c:/Work/Codes/Realtime/encode_ru_wd/ldpc_ru_encoder/ldpc_ru_encoder.gen/sources_1/ip/rom26/rom26/rom26_in_context.xdc] for cell 'G_row_inst/rom26'
Finished Parsing XDC File [c:/Work/Codes/Realtime/encode_ru_wd/ldpc_ru_encoder/ldpc_ru_encoder.gen/sources_1/ip/rom26/rom26/rom26_in_context.xdc] for cell 'G_row_inst/rom26'
Parsing XDC File [c:/Work/Codes/Realtime/encode_ru_wd/ldpc_ru_encoder/ldpc_ru_encoder.gen/sources_1/ip/rom27/rom27/rom27_in_context.xdc] for cell 'G_row_inst/rom27'
Finished Parsing XDC File [c:/Work/Codes/Realtime/encode_ru_wd/ldpc_ru_encoder/ldpc_ru_encoder.gen/sources_1/ip/rom27/rom27/rom27_in_context.xdc] for cell 'G_row_inst/rom27'
Completed Processing XDC Constraints

Netlist sorting complete. Time (s): cpu = 00:00:00 ; elapsed = 00:00:00.001 . Memory (MB): peak = 1335.793 ; gain = 0.000
INFO: [Project 1-111] Unisim Transformation Summary:
No Unisim elements were transformed.

Constraint Validation Runtime : Time (s): cpu = 00:00:00 ; elapsed = 00:00:00.012 . Memory (MB): peak = 1335.793 ; gain = 0.000
---------------------------------------------------------------------------------
Finished Constraint Validation : Time (s): cpu = 00:00:02 ; elapsed = 00:00:08 . Memory (MB): peak = 1335.793 ; gain = 86.387
---------------------------------------------------------------------------------
---------------------------------------------------------------------------------
Start Loading Part and Timing Information
---------------------------------------------------------------------------------
Loading part: xc7k420tiffg901-2L
---------------------------------------------------------------------------------
Finished Loading Part and Timing Information : Time (s): cpu = 00:00:02 ; elapsed = 00:00:08 . Memory (MB): peak = 1335.793 ; gain = 86.387
---------------------------------------------------------------------------------
---------------------------------------------------------------------------------
Start Applying 'set_property' XDC Constraints
---------------------------------------------------------------------------------
Applied set_property KEEP_HIERARCHY = SOFT for G_row_inst/rom1. (constraint file  auto generated constraint).
Applied set_property KEEP_HIERARCHY = SOFT for G_row_inst/rom2. (constraint file  auto generated constraint).
Applied set_property KEEP_HIERARCHY = SOFT for G_row_inst/rom3. (constraint file  auto generated constraint).
Applied set_property KEEP_HIERARCHY = SOFT for G_row_inst/rom4. (constraint file  auto generated constraint).
Applied set_property KEEP_HIERARCHY = SOFT for G_row_inst/rom5. (constraint file  auto generated constraint).
Applied set_property KEEP_HIERARCHY = SOFT for G_row_inst/rom6. (constraint file  auto generated constraint).
Applied set_property KEEP_HIERARCHY = SOFT for G_row_inst/rom7. (constraint file  auto generated constraint).
Applied set_property KEEP_HIERARCHY = SOFT for G_row_inst/rom8. (constraint file  auto generated constraint).
Applied set_property KEEP_HIERARCHY = SOFT for G_row_inst/rom9. (constraint file  auto generated constraint).
Applied set_property KEEP_HIERARCHY = SOFT for G_row_inst/rom10. (constraint file  auto generated constraint).
Applied set_property KEEP_HIERARCHY = SOFT for G_row_inst/rom11. (constraint file  auto generated constraint).
Applied set_property KEEP_HIERARCHY = SOFT for G_row_inst/rom12. (constraint file  auto generated constraint).
Applied set_property KEEP_HIERARCHY = SOFT for G_row_inst/rom13. (constraint file  auto generated constraint).
Applied set_property KEEP_HIERARCHY = SOFT for G_row_inst/rom14. (constraint file  auto generated constraint).
Applied set_property KEEP_HIERARCHY = SOFT for G_row_inst/rom15. (constraint file  auto generated constraint).
Applied set_property KEEP_HIERARCHY = SOFT for G_row_inst/rom16. (constraint file  auto generated constraint).
Applied set_property KEEP_HIERARCHY = SOFT for G_row_inst/rom17. (constraint file  auto generated constraint).
Applied set_property KEEP_HIERARCHY = SOFT for G_row_inst/rom18. (constraint file  auto generated constraint).
Applied set_property KEEP_HIERARCHY = SOFT for G_row_inst/rom19. (constraint file  auto generated constraint).
Applied set_property KEEP_HIERARCHY = SOFT for G_row_inst/rom20. (constraint file  auto generated constraint).
Applied set_property KEEP_HIERARCHY = SOFT for G_row_inst/rom21. (constraint file  auto generated constraint).
Applied set_property KEEP_HIERARCHY = SOFT for G_row_inst/rom22. (constraint file  auto generated constraint).
Applied set_property KEEP_HIERARCHY = SOFT for G_row_inst/rom23. (constraint file  auto generated constraint).
Applied set_property KEEP_HIERARCHY = SOFT for G_row_inst/rom24. (constraint file  auto generated constraint).
Applied set_property KEEP_HIERARCHY = SOFT for G_row_inst/rom25. (constraint file  auto generated constraint).
Applied set_property KEEP_HIERARCHY = SOFT for G_row_inst/rom26. (constraint file  auto generated constraint).
Applied set_property KEEP_HIERARCHY = SOFT for G_row_inst/rom27. (constraint file  auto generated constraint).
---------------------------------------------------------------------------------
Finished applying 'set_property' XDC Constraints : Time (s): cpu = 00:00:02 ; elapsed = 00:00:08 . Memory (MB): peak = 1335.793 ; gain = 86.387
---------------------------------------------------------------------------------
---------------------------------------------------------------------------------
Finished RTL Optimization Phase 2 : Time (s): cpu = 00:00:02 ; elapsed = 00:00:08 . Memory (MB): peak = 1335.793 ; gain = 86.387
---------------------------------------------------------------------------------
---------------------------------------------------------------------------------
Start RTL Component Statistics 
---------------------------------------------------------------------------------
Detailed RTL Component Info : 
+---Adders : 
	   2 Input    5 Bit       Adders := 1     
+---XORs : 
	  28 Input    162 Bit         XORs := 1     
+---Registers : 
	              162 Bit    Registers := 1     
	                5 Bit    Registers := 1     
	                1 Bit    Registers := 1     
+---Muxes : 
	   2 Input    5 Bit        Muxes := 1     
	   2 Input    1 Bit        Muxes := 2     
---------------------------------------------------------------------------------
Finished RTL Component Statistics 
---------------------------------------------------------------------------------
---------------------------------------------------------------------------------
Start Part Resource Summary
---------------------------------------------------------------------------------
Part Resources:
DSPs: 1680 (col length:160)
BRAMs: 1670 (col length: RAMB18 160 RAMB36 80)
---------------------------------------------------------------------------------
Finished Part Resource Summary
---------------------------------------------------------------------------------
---------------------------------------------------------------------------------
Start Cross Boundary and Area Optimization
---------------------------------------------------------------------------------
---------------------------------------------------------------------------------
Finished Cross Boundary and Area Optimization : Time (s): cpu = 00:00:04 ; elapsed = 00:00:17 . Memory (MB): peak = 1593.965 ; gain = 344.559
---------------------------------------------------------------------------------
---------------------------------------------------------------------------------
Start Applying XDC Timing Constraints
---------------------------------------------------------------------------------
---------------------------------------------------------------------------------
Finished Applying XDC Timing Constraints : Time (s): cpu = 00:00:05 ; elapsed = 00:00:21 . Memory (MB): peak = 1593.965 ; gain = 344.559
---------------------------------------------------------------------------------
---------------------------------------------------------------------------------
Start Timing Optimization
---------------------------------------------------------------------------------
---------------------------------------------------------------------------------
Finished Timing Optimization : Time (s): cpu = 00:00:05 ; elapsed = 00:00:21 . Memory (MB): peak = 1593.965 ; gain = 344.559
---------------------------------------------------------------------------------
---------------------------------------------------------------------------------
Start Technology Mapping
---------------------------------------------------------------------------------
---------------------------------------------------------------------------------
Finished Technology Mapping : Time (s): cpu = 00:00:05 ; elapsed = 00:00:22 . Memory (MB): peak = 1593.965 ; gain = 344.559
---------------------------------------------------------------------------------
---------------------------------------------------------------------------------
Start IO Insertion
---------------------------------------------------------------------------------
---------------------------------------------------------------------------------
Start Flattening Before IO Insertion
---------------------------------------------------------------------------------
---------------------------------------------------------------------------------
Finished Flattening Before IO Insertion
---------------------------------------------------------------------------------
---------------------------------------------------------------------------------
Start Final Netlist Cleanup
---------------------------------------------------------------------------------
---------------------------------------------------------------------------------
Finished Final Netlist Cleanup
---------------------------------------------------------------------------------
---------------------------------------------------------------------------------
Finished IO Insertion : Time (s): cpu = 00:00:05 ; elapsed = 00:00:24 . Memory (MB): peak = 1593.965 ; gain = 344.559
---------------------------------------------------------------------------------
---------------------------------------------------------------------------------
Start Renaming Generated Instances
---------------------------------------------------------------------------------
---------------------------------------------------------------------------------
Finished Renaming Generated Instances : Time (s): cpu = 00:00:05 ; elapsed = 00:00:24 . Memory (MB): peak = 1593.965 ; gain = 344.559
---------------------------------------------------------------------------------
---------------------------------------------------------------------------------
Start Rebuilding User Hierarchy
---------------------------------------------------------------------------------
---------------------------------------------------------------------------------
Finished Rebuilding User Hierarchy : Time (s): cpu = 00:00:05 ; elapsed = 00:00:24 . Memory (MB): peak = 1593.965 ; gain = 344.559
---------------------------------------------------------------------------------
---------------------------------------------------------------------------------
Start Renaming Generated Ports
---------------------------------------------------------------------------------
---------------------------------------------------------------------------------
Finished Renaming Generated Ports : Time (s): cpu = 00:00:05 ; elapsed = 00:00:24 . Memory (MB): peak = 1593.965 ; gain = 344.559
---------------------------------------------------------------------------------
---------------------------------------------------------------------------------
Start Handling Custom Attributes
---------------------------------------------------------------------------------
---------------------------------------------------------------------------------
Finished Handling Custom Attributes : Time (s): cpu = 00:00:05 ; elapsed = 00:00:24 . Memory (MB): peak = 1593.965 ; gain = 344.559
---------------------------------------------------------------------------------
---------------------------------------------------------------------------------
Start Renaming Generated Nets
---------------------------------------------------------------------------------
---------------------------------------------------------------------------------
Finished Renaming Generated Nets : Time (s): cpu = 00:00:05 ; elapsed = 00:00:24 . Memory (MB): peak = 1593.965 ; gain = 344.559
---------------------------------------------------------------------------------
---------------------------------------------------------------------------------
Start Writing Synthesis Report
---------------------------------------------------------------------------------

Report BlackBoxes: 
+------+--------------+----------+
|      |BlackBox name |Instances |
+------+--------------+----------+
|1     |rom1          |         1|
|2     |rom2          |         1|
|3     |rom3          |         1|
|4     |rom4          |         1|
|5     |rom5          |         1|
|6     |rom6          |         1|
|7     |rom7          |         1|
|8     |rom8          |         1|
|9     |rom9          |         1|
|10    |rom10         |         1|
|11    |rom11         |         1|
|12    |rom12         |         1|
|13    |rom13         |         1|
|14    |rom14         |         1|
|15    |rom15         |         1|
|16    |rom16         |         1|
|17    |rom17         |         1|
|18    |rom18         |         1|
|19    |rom19         |         1|
|20    |rom20         |         1|
|21    |rom21         |         1|
|22    |rom22         |         1|
|23    |rom23         |         1|
|24    |rom24         |         1|
|25    |rom25         |         1|
|26    |rom26         |         1|
|27    |rom27         |         1|
+------+--------------+----------+

Report Cell Usage: 
+------+------+------+
|      |Cell  |Count |
+------+------+------+
|1     |rom1  |     1|
|2     |rom10 |     1|
|3     |rom11 |     1|
|4     |rom12 |     1|
|5     |rom13 |     1|
|6     |rom14 |     1|
|7     |rom15 |     1|
|8     |rom16 |     1|
|9     |rom17 |     1|
|10    |rom18 |     1|
|11    |rom19 |     1|
|12    |rom2  |     1|
|13    |rom20 |     1|
|14    |rom21 |     1|
|15    |rom22 |     1|
|16    |rom23 |     1|
|17    |rom24 |     1|
|18    |rom25 |     1|
|19    |rom26 |     1|
|20    |rom27 |     1|
|21    |rom3  |     1|
|22    |rom4  |     1|
|23    |rom5  |     1|
|24    |rom6  |     1|
|25    |rom7  |     1|
|26    |rom8  |     1|
|27    |rom9  |     1|
|28    |BUFG  |     1|
|29    |LUT2  |     1|
|30    |LUT3  |     1|
|31    |LUT4  |  1297|
|32    |LUT5  |   813|
|33    |LUT6  |   324|
|34    |FDRE  |   167|
|35    |IBUF  |    30|
|36    |OBUF  |  4536|
+------+------+------+
---------------------------------------------------------------------------------
Finished Writing Synthesis Report : Time (s): cpu = 00:00:05 ; elapsed = 00:00:24 . Memory (MB): peak = 1593.965 ; gain = 344.559
---------------------------------------------------------------------------------
Synthesis finished with 0 errors, 0 critical warnings and 0 warnings.
Synthesis Optimization Runtime : Time (s): cpu = 00:00:04 ; elapsed = 00:00:23 . Memory (MB): peak = 1593.965 ; gain = 258.172
Synthesis Optimization Complete : Time (s): cpu = 00:00:05 ; elapsed = 00:00:24 . Memory (MB): peak = 1593.965 ; gain = 344.559
INFO: [Project 1-571] Translating synthesized netlist
Netlist sorting complete. Time (s): cpu = 00:00:00 ; elapsed = 00:00:00.066 . Memory (MB): peak = 1593.965 ; gain = 0.000
INFO: [Project 1-570] Preparing netlist for logic optimization
INFO: [Opt 31-138] Pushed 0 inverter(s) to 0 load pin(s).
Netlist sorting complete. Time (s): cpu = 00:00:00 ; elapsed = 00:00:00.001 . Memory (MB): peak = 1593.965 ; gain = 0.000
INFO: [Project 1-111] Unisim Transformation Summary:
No Unisim elements were transformed.

Synth Design complete, checksum: 1e99de3e
INFO: [Common 17-83] Releasing license: Synthesis
72 Infos, 0 Warnings, 0 Critical Warnings and 0 Errors encountered.
synth_design completed successfully
synth_design: Time (s): cpu = 00:00:07 ; elapsed = 00:00:29 . Memory (MB): peak = 1593.965 ; gain = 344.559
INFO: [Common 17-1381] The checkpoint 'C:/Work/Codes/Realtime/encode_ru_wd/ldpc_ru_encoder/ldpc_ru_encoder.runs/synth_1/qc_encoder.dcp' has been generated.
INFO: [runtcl-4] Executing : report_utilization -file qc_encoder_utilization_synth.rpt -pb qc_encoder_utilization_synth.pb
INFO: [Common 17-206] Exiting Vivado at Tue Mar 11 09:34:01 2025...
