#-----------------------------------------------------------
# Vivado v2021.1 (64-bit)
# SW Build 3247384 on Thu Jun 10 19:36:33 MDT 2021
# IP Build 3246043 on Fri Jun 11 00:30:35 MDT 2021
# Start of session at: Tue Mar 18 09:54:03 2025
# Process ID: 25544
# Current directory: C:/Work/Codes/Realtime/encode_ru_wd/ldpc_ru_encoder
# Command line: vivado.exe -gui_launcher_event rodinguilauncherevent45748 C:\Work\Codes\Realtime\encode_ru_wd\ldpc_ru_encoder\ldpc_ru_encoder.xpr
# Log file: C:/Work/Codes/Realtime/encode_ru_wd/ldpc_ru_encoder/vivado.log
# Journal file: C:/Work/Codes/Realtime/encode_ru_wd/ldpc_ru_encoder\vivado.jou
#-----------------------------------------------------------
start_gui
open_project C:/Work/Codes/Realtime/encode_ru_wd/ldpc_ru_encoder/ldpc_ru_encoder.xpr
Scanning sources...
Finished scanning sources
INFO: [IP_Flow 19-234] Refreshing IP repositories
INFO: [IP_Flow 19-1704] No user IP repositories specified
INFO: [IP_Flow 19-2313] Loaded Vivado IP repository 'C:/Xilinx/2021.1/Vivado/2021.1/data/ip'.
open_project: Time (s): cpu = 00:00:04 ; elapsed = 00:00:09 . Memory (MB): peak = 1223.535 ; gain = 0.000
update_compile_order -fileset sources_1
launch_simulation
Command: launch_simulation 
INFO: [Vivado 12-12493] Simulation top is 'FIFO_async'
INFO: [Vivado 12-5698] Checking validity of IPs in the design for the 'XSim' simulator...
INFO: [Runs 36-567] Checking/generating simulation output products for IPs/BDs (if any)...
INFO: [Vivado 12-5682] Launching behavioral simulation in 'C:/Work/Codes/Realtime/encode_ru_wd/ldpc_ru_encoder/ldpc_ru_encoder.sim/sim_1/behav/xsim'
INFO: [Vivado 12-4795] Using compiled simulation libraries for IPs
INFO: [SIM-utils-51] Simulation object is 'sim_1'
INFO: [SIM-utils-72] Using boost library from 'C:/Xilinx/2021.1/Vivado/2021.1/tps/boost_1_72_0'
INFO: [USF-XSim-7] Finding pre-compiled libraries...
INFO: [USF-XSim-11] File 'C:/Xilinx/2021.1/Vivado/2021.1/data/xsim/xsim.ini' copied to run dir:'C:/Work/Codes/Realtime/encode_ru_wd/ldpc_ru_encoder/ldpc_ru_encoder.sim/sim_1/behav/xsim'
INFO: [SIM-utils-54] Inspecting design source files for 'FIFO_async' in fileset 'sim_1'...
INFO: [SIM-utils-43] Exported 'C:/Work/Codes/Realtime/encode_ru_wd/ldpc_ru_encoder/ldpc_ru_encoder.sim/sim_1/behav/xsim/prbs_rom.mif'
INFO: [SIM-utils-43] Exported 'C:/Work/Codes/Realtime/encode_ru_wd/ldpc_ru_encoder/ldpc_ru_encoder.sim/sim_1/behav/xsim/PRBS.coe'
INFO: [SIM-utils-43] Exported 'C:/Work/Codes/Realtime/encode_ru_wd/ldpc_ru_encoder/ldpc_ru_encoder.sim/sim_1/behav/xsim/rom1.mif'
INFO: [SIM-utils-43] Exported 'C:/Work/Codes/Realtime/encode_ru_wd/ldpc_ru_encoder/ldpc_ru_encoder.sim/sim_1/behav/xsim/H1.coe'
INFO: [SIM-utils-43] Exported 'C:/Work/Codes/Realtime/encode_ru_wd/ldpc_ru_encoder/ldpc_ru_encoder.sim/sim_1/behav/xsim/rom10.mif'
INFO: [SIM-utils-43] Exported 'C:/Work/Codes/Realtime/encode_ru_wd/ldpc_ru_encoder/ldpc_ru_encoder.sim/sim_1/behav/xsim/H10.coe'
INFO: [SIM-utils-43] Exported 'C:/Work/Codes/Realtime/encode_ru_wd/ldpc_ru_encoder/ldpc_ru_encoder.sim/sim_1/behav/xsim/rom11.mif'
INFO: [SIM-utils-43] Exported 'C:/Work/Codes/Realtime/encode_ru_wd/ldpc_ru_encoder/ldpc_ru_encoder.sim/sim_1/behav/xsim/H11.coe'
INFO: [SIM-utils-43] Exported 'C:/Work/Codes/Realtime/encode_ru_wd/ldpc_ru_encoder/ldpc_ru_encoder.sim/sim_1/behav/xsim/rom12.mif'
INFO: [SIM-utils-43] Exported 'C:/Work/Codes/Realtime/encode_ru_wd/ldpc_ru_encoder/ldpc_ru_encoder.sim/sim_1/behav/xsim/H12.coe'
INFO: [SIM-utils-43] Exported 'C:/Work/Codes/Realtime/encode_ru_wd/ldpc_ru_encoder/ldpc_ru_encoder.sim/sim_1/behav/xsim/rom13.mif'
INFO: [SIM-utils-43] Exported 'C:/Work/Codes/Realtime/encode_ru_wd/ldpc_ru_encoder/ldpc_ru_encoder.sim/sim_1/behav/xsim/H13.coe'
INFO: [SIM-utils-43] Exported 'C:/Work/Codes/Realtime/encode_ru_wd/ldpc_ru_encoder/ldpc_ru_encoder.sim/sim_1/behav/xsim/rom14.mif'
INFO: [SIM-utils-43] Exported 'C:/Work/Codes/Realtime/encode_ru_wd/ldpc_ru_encoder/ldpc_ru_encoder.sim/sim_1/behav/xsim/H14.coe'
INFO: [SIM-utils-43] Exported 'C:/Work/Codes/Realtime/encode_ru_wd/ldpc_ru_encoder/ldpc_ru_encoder.sim/sim_1/behav/xsim/rom15.mif'
INFO: [SIM-utils-43] Exported 'C:/Work/Codes/Realtime/encode_ru_wd/ldpc_ru_encoder/ldpc_ru_encoder.sim/sim_1/behav/xsim/H15.coe'
INFO: [SIM-utils-43] Exported 'C:/Work/Codes/Realtime/encode_ru_wd/ldpc_ru_encoder/ldpc_ru_encoder.sim/sim_1/behav/xsim/rom16.mif'
INFO: [SIM-utils-43] Exported 'C:/Work/Codes/Realtime/encode_ru_wd/ldpc_ru_encoder/ldpc_ru_encoder.sim/sim_1/behav/xsim/H16.coe'
INFO: [SIM-utils-43] Exported 'C:/Work/Codes/Realtime/encode_ru_wd/ldpc_ru_encoder/ldpc_ru_encoder.sim/sim_1/behav/xsim/rom17.mif'
INFO: [SIM-utils-43] Exported 'C:/Work/Codes/Realtime/encode_ru_wd/ldpc_ru_encoder/ldpc_ru_encoder.sim/sim_1/behav/xsim/H17.coe'
INFO: [SIM-utils-43] Exported 'C:/Work/Codes/Realtime/encode_ru_wd/ldpc_ru_encoder/ldpc_ru_encoder.sim/sim_1/behav/xsim/rom18.mif'
INFO: [SIM-utils-43] Exported 'C:/Work/Codes/Realtime/encode_ru_wd/ldpc_ru_encoder/ldpc_ru_encoder.sim/sim_1/behav/xsim/H18.coe'
INFO: [SIM-utils-43] Exported 'C:/Work/Codes/Realtime/encode_ru_wd/ldpc_ru_encoder/ldpc_ru_encoder.sim/sim_1/behav/xsim/rom19.mif'
INFO: [SIM-utils-43] Exported 'C:/Work/Codes/Realtime/encode_ru_wd/ldpc_ru_encoder/ldpc_ru_encoder.sim/sim_1/behav/xsim/H19.coe'
INFO: [SIM-utils-43] Exported 'C:/Work/Codes/Realtime/encode_ru_wd/ldpc_ru_encoder/ldpc_ru_encoder.sim/sim_1/behav/xsim/rom2.mif'
INFO: [SIM-utils-43] Exported 'C:/Work/Codes/Realtime/encode_ru_wd/ldpc_ru_encoder/ldpc_ru_encoder.sim/sim_1/behav/xsim/H2.coe'
INFO: [SIM-utils-43] Exported 'C:/Work/Codes/Realtime/encode_ru_wd/ldpc_ru_encoder/ldpc_ru_encoder.sim/sim_1/behav/xsim/rom20.mif'
INFO: [SIM-utils-43] Exported 'C:/Work/Codes/Realtime/encode_ru_wd/ldpc_ru_encoder/ldpc_ru_encoder.sim/sim_1/behav/xsim/H20.coe'
INFO: [SIM-utils-43] Exported 'C:/Work/Codes/Realtime/encode_ru_wd/ldpc_ru_encoder/ldpc_ru_encoder.sim/sim_1/behav/xsim/rom21.mif'
INFO: [SIM-utils-43] Exported 'C:/Work/Codes/Realtime/encode_ru_wd/ldpc_ru_encoder/ldpc_ru_encoder.sim/sim_1/behav/xsim/H21.coe'
INFO: [SIM-utils-43] Exported 'C:/Work/Codes/Realtime/encode_ru_wd/ldpc_ru_encoder/ldpc_ru_encoder.sim/sim_1/behav/xsim/rom22.mif'
INFO: [SIM-utils-43] Exported 'C:/Work/Codes/Realtime/encode_ru_wd/ldpc_ru_encoder/ldpc_ru_encoder.sim/sim_1/behav/xsim/H22.coe'
INFO: [SIM-utils-43] Exported 'C:/Work/Codes/Realtime/encode_ru_wd/ldpc_ru_encoder/ldpc_ru_encoder.sim/sim_1/behav/xsim/rom23.mif'
INFO: [SIM-utils-43] Exported 'C:/Work/Codes/Realtime/encode_ru_wd/ldpc_ru_encoder/ldpc_ru_encoder.sim/sim_1/behav/xsim/H23.coe'
INFO: [SIM-utils-43] Exported 'C:/Work/Codes/Realtime/encode_ru_wd/ldpc_ru_encoder/ldpc_ru_encoder.sim/sim_1/behav/xsim/rom24.mif'
INFO: [SIM-utils-43] Exported 'C:/Work/Codes/Realtime/encode_ru_wd/ldpc_ru_encoder/ldpc_ru_encoder.sim/sim_1/behav/xsim/H24.coe'
INFO: [SIM-utils-43] Exported 'C:/Work/Codes/Realtime/encode_ru_wd/ldpc_ru_encoder/ldpc_ru_encoder.sim/sim_1/behav/xsim/rom25.mif'
INFO: [SIM-utils-43] Exported 'C:/Work/Codes/Realtime/encode_ru_wd/ldpc_ru_encoder/ldpc_ru_encoder.sim/sim_1/behav/xsim/H25.coe'
INFO: [SIM-utils-43] Exported 'C:/Work/Codes/Realtime/encode_ru_wd/ldpc_ru_encoder/ldpc_ru_encoder.sim/sim_1/behav/xsim/rom26.mif'
INFO: [SIM-utils-43] Exported 'C:/Work/Codes/Realtime/encode_ru_wd/ldpc_ru_encoder/ldpc_ru_encoder.sim/sim_1/behav/xsim/H26.coe'
INFO: [SIM-utils-43] Exported 'C:/Work/Codes/Realtime/encode_ru_wd/ldpc_ru_encoder/ldpc_ru_encoder.sim/sim_1/behav/xsim/rom27.mif'
INFO: [SIM-utils-43] Exported 'C:/Work/Codes/Realtime/encode_ru_wd/ldpc_ru_encoder/ldpc_ru_encoder.sim/sim_1/behav/xsim/H27.coe'
INFO: [SIM-utils-43] Exported 'C:/Work/Codes/Realtime/encode_ru_wd/ldpc_ru_encoder/ldpc_ru_encoder.sim/sim_1/behav/xsim/rom3.mif'
INFO: [SIM-utils-43] Exported 'C:/Work/Codes/Realtime/encode_ru_wd/ldpc_ru_encoder/ldpc_ru_encoder.sim/sim_1/behav/xsim/H3.coe'
INFO: [SIM-utils-43] Exported 'C:/Work/Codes/Realtime/encode_ru_wd/ldpc_ru_encoder/ldpc_ru_encoder.sim/sim_1/behav/xsim/rom4.mif'
INFO: [SIM-utils-43] Exported 'C:/Work/Codes/Realtime/encode_ru_wd/ldpc_ru_encoder/ldpc_ru_encoder.sim/sim_1/behav/xsim/H4.coe'
INFO: [SIM-utils-43] Exported 'C:/Work/Codes/Realtime/encode_ru_wd/ldpc_ru_encoder/ldpc_ru_encoder.sim/sim_1/behav/xsim/rom5.mif'
INFO: [SIM-utils-43] Exported 'C:/Work/Codes/Realtime/encode_ru_wd/ldpc_ru_encoder/ldpc_ru_encoder.sim/sim_1/behav/xsim/H5.coe'
INFO: [SIM-utils-43] Exported 'C:/Work/Codes/Realtime/encode_ru_wd/ldpc_ru_encoder/ldpc_ru_encoder.sim/sim_1/behav/xsim/rom6.mif'
INFO: [SIM-utils-43] Exported 'C:/Work/Codes/Realtime/encode_ru_wd/ldpc_ru_encoder/ldpc_ru_encoder.sim/sim_1/behav/xsim/H6.coe'
INFO: [SIM-utils-43] Exported 'C:/Work/Codes/Realtime/encode_ru_wd/ldpc_ru_encoder/ldpc_ru_encoder.sim/sim_1/behav/xsim/rom7.mif'
INFO: [SIM-utils-43] Exported 'C:/Work/Codes/Realtime/encode_ru_wd/ldpc_ru_encoder/ldpc_ru_encoder.sim/sim_1/behav/xsim/H7.coe'
INFO: [SIM-utils-43] Exported 'C:/Work/Codes/Realtime/encode_ru_wd/ldpc_ru_encoder/ldpc_ru_encoder.sim/sim_1/behav/xsim/rom8.mif'
INFO: [SIM-utils-43] Exported 'C:/Work/Codes/Realtime/encode_ru_wd/ldpc_ru_encoder/ldpc_ru_encoder.sim/sim_1/behav/xsim/H8.coe'
INFO: [SIM-utils-43] Exported 'C:/Work/Codes/Realtime/encode_ru_wd/ldpc_ru_encoder/ldpc_ru_encoder.sim/sim_1/behav/xsim/rom9.mif'
INFO: [SIM-utils-43] Exported 'C:/Work/Codes/Realtime/encode_ru_wd/ldpc_ru_encoder/ldpc_ru_encoder.sim/sim_1/behav/xsim/H9.coe'
INFO: [SIM-utils-43] Exported 'C:/Work/Codes/Realtime/encode_ru_wd/ldpc_ru_encoder/ldpc_ru_encoder.sim/sim_1/behav/xsim/rom_H2.mif'
INFO: [SIM-utils-43] Exported 'C:/Work/Codes/Realtime/encode_ru_wd/ldpc_ru_encoder/ldpc_ru_encoder.sim/sim_1/behav/xsim/H2matrix.coe'
INFO: [USF-XSim-97] Finding global include files...
INFO: [USF-XSim-98] Fetching design files from 'sim_1'...
INFO: [USF-XSim-2] XSim::Compile design
INFO: [USF-XSim-61] Executing 'COMPILE and ANALYZE' step in 'C:/Work/Codes/Realtime/encode_ru_wd/ldpc_ru_encoder/ldpc_ru_encoder.sim/sim_1/behav/xsim'
"xvlog --incr --relax -L uvm -prj FIFO_async_vlog.prj"
INFO: [VRFC 10-2263] Analyzing SystemVerilog file "C:/Work/Codes/Realtime/encode_ru_wd/rtl/fifo/RAM.sv" into library xil_defaultlib
INFO: [VRFC 10-311] analyzing module RAM
INFO: [VRFC 10-2263] Analyzing SystemVerilog file "C:/Work/Codes/Realtime/encode_ru_wd/rtl/fifo/read_empty.sv" into library xil_defaultlib
INFO: [VRFC 10-311] analyzing module read_empty
INFO: [VRFC 10-2263] Analyzing SystemVerilog file "C:/Work/Codes/Realtime/encode_ru_wd/rtl/fifo/synchronization.sv" into library xil_defaultlib
INFO: [VRFC 10-311] analyzing module synchronization
INFO: [VRFC 10-2263] Analyzing SystemVerilog file "C:/Work/Codes/Realtime/encode_ru_wd/rtl/fifo/write_full.sv" into library xil_defaultlib
INFO: [VRFC 10-311] analyzing module write_full
INFO: [VRFC 10-2263] Analyzing SystemVerilog file "C:/Work/Codes/Realtime/encode_ru_wd/rtl/fifo/FIFO_async.sv" into library xil_defaultlib
INFO: [VRFC 10-311] analyzing module FIFO_async
INFO: [USF-XSim-69] 'compile' step finished in '1' seconds
INFO: [USF-XSim-3] XSim::Elaborate design
INFO: [USF-XSim-61] Executing 'ELABORATE' step in 'C:/Work/Codes/Realtime/encode_ru_wd/ldpc_ru_encoder/ldpc_ru_encoder.sim/sim_1/behav/xsim'
"xelab -wto b0d970def50e4e29817e9cf4beeafd3d --incr --debug typical --relax --mt 2 -L xil_defaultlib -L uvm -L unisims_ver -L unimacro_ver -L secureip -L xpm --snapshot FIFO_async_behav xil_defaultlib.FIFO_async xil_defaultlib.glbl -log elaborate.log"
Vivado Simulator v2021.1
Copyright 1986-1999, 2001-2021 Xilinx, Inc. All Rights Reserved.
Running: C:/Xilinx/2021.1/Vivado/2021.1/bin/unwrapped/win64.o/xelab.exe -wto b0d970def50e4e29817e9cf4beeafd3d --incr --debug typical --relax --mt 2 -L xil_defaultlib -L uvm -L unisims_ver -L unimacro_ver -L secureip -L xpm --snapshot FIFO_async_behav xil_defaultlib.FIFO_async xil_defaultlib.glbl -log elaborate.log 
Using 2 slave threads.
Starting static elaboration
Pass Through NonSizing Optimizer
Completed static elaboration
Starting simulation data flow analysis
Completed simulation data flow analysis
Time Resolution for simulation is 1ps
Compiling module xil_defaultlib.RAM
Compiling module xil_defaultlib.write_full
Compiling module xil_defaultlib.read_empty
Compiling module xil_defaultlib.synchronization
Compiling module xil_defaultlib.FIFO_async
Compiling module xil_defaultlib.glbl
Built simulation snapshot FIFO_async_behav

****** Webtalk v2021.1 (64-bit)
  **** SW Build 3247384 on Thu Jun 10 19:36:33 MDT 2021
  **** IP Build 3246043 on Fri Jun 11 00:30:35 MDT 2021
    ** Copyright 1986-2021 Xilinx, Inc. All Rights Reserved.

source C:/Work/Codes/Realtime/encode_ru_wd/ldpc_ru_encoder/ldpc_ru_encoder.sim/sim_1/behav/xsim/xsim.dir/FIFO_async_behav/webtalk/xsim_webtalk.tcl -notrace
INFO: [Common 17-206] Exiting Webtalk at Tue Mar 18 09:54:47 2025...
INFO: [USF-XSim-69] 'elaborate' step finished in '3' seconds
INFO: [USF-XSim-4] XSim::Simulate design
INFO: [USF-XSim-61] Executing 'SIMULATE' step in 'C:/Work/Codes/Realtime/encode_ru_wd/ldpc_ru_encoder/ldpc_ru_encoder.sim/sim_1/behav/xsim'
INFO: [USF-XSim-98] *** Running xsim
   with args "FIFO_async_behav -key {Behavioral:sim_1:Functional:FIFO_async} -tclbatch {FIFO_async.tcl} -view {C:/Work/Codes/Realtime/encode_ru_wd/ldpc_ru_encoder/tb_qc_encoder_behav.wcfg} -log {simulate.log}"
INFO: [USF-XSim-8] Loading simulator feature
Time resolution is 1 ps
open_wave_config C:/Work/Codes/Realtime/encode_ru_wd/ldpc_ru_encoder/tb_qc_encoder_behav.wcfg
WARNING: Simulation object /tb_qc_encoder/clk was not found in the design.
WARNING: Simulation object /tb_qc_encoder/rst was not found in the design.
WARNING: Simulation object /tb_qc_encoder/valid was not found in the design.
WARNING: Simulation object /tb_qc_encoder/data_in was not found in the design.
WARNING: Simulation object /tb_qc_encoder/data_out was not found in the design.
WARNING: Simulation object /tb_qc_encoder/register was not found in the design.
WARNING: Simulation object /tb_qc_encoder/addra was not found in the design.
WARNING: Simulation object /tb_qc_encoder/qc_encoder_inst/valid_dly0 was not found in the design.
WARNING: Simulation object /tb_qc_encoder/qc_encoder_inst/valid_encode was not found in the design.
WARNING: Simulation object /tb_qc_encoder/qc_encoder_inst/register was not found in the design.
WARNING: Simulation object /tb_qc_encoder/qc_encoder_inst/data_in was not found in the design.
WARNING: Simulation object /tb_qc_encoder/qc_encoder_inst/i_data_dly0 was not found in the design.
WARNING: Simulation object /tb_qc_encoder/qc_encoder_inst/i_data_dly1 was not found in the design.
WARNING: Simulation object /tb_qc_encoder/qc_encoder_inst/encode_inst/valid was not found in the design.
WARNING: Simulation object /tb_qc_encoder/qc_encoder_inst/encode_inst/data_in was not found in the design.
WARNING: Simulation object /tb_qc_encoder/qc_encoder_inst/encode_inst/r_data was not found in the design.
WARNING: Simulation object /tb_qc_encoder/qc_encoder_inst/encode_inst/r_data_dly0 was not found in the design.
WARNING: Simulation object /tb_qc_encoder/qc_encoder_inst/encode_inst/h was not found in the design.
WARNING: Simulation object /tb_qc_encoder/qc_encoder_inst/encode_inst/p1 was not found in the design.
WARNING: Simulation object /tb_qc_encoder/qc_encoder_inst/encode_inst/s was not found in the design.
WARNING: Simulation object /tb_qc_encoder/qc_encoder_inst/encode_inst/temp was not found in the design.
WARNING: Simulation object /tb_qc_encoder/qc_encoder_inst/encode_inst/s_tilde was not found in the design.
WARNING: Simulation object /tb_qc_encoder/qc_encoder_inst/encode_inst/s_tilde[5] was not found in the design.
WARNING: Simulation object /tb_qc_encoder/qc_encoder_inst/encode_inst/s_tilde[4] was not found in the design.
WARNING: Simulation object /tb_qc_encoder/qc_encoder_inst/encode_inst/s_tilde[3] was not found in the design.
WARNING: Simulation object /tb_qc_encoder/qc_encoder_inst/encode_inst/s_tilde[2] was not found in the design.
WARNING: Simulation object /tb_qc_encoder/qc_encoder_inst/encode_inst/s_tilde[1] was not found in the design.
WARNING: Simulation object /tb_qc_encoder/qc_encoder_inst/encode_inst/s_tilde[0] was not found in the design.
WARNING: Simulation object /tb_qc_encoder/qc_encoder_inst/encode_inst/valid_p2 was not found in the design.
WARNING: Simulation object /tb_qc_encoder/qc_encoder_inst/encode_inst/p2 was not found in the design.
WARNING: Simulation object /tb_qc_encoder/qc_encoder_inst/encode_inst/prevp2 was not found in the design.
WARNING: Simulation object /tb_qc_encoder/qc_encoder_inst/encode_inst/cnt_p2 was not found in the design.
WARNING: Simulation object /tb_qc_encoder/qc_encoder_inst/data_out was not found in the design.
WARNING: Simulation object /tb_qc_encoder/qc_encoder_inst/encode_inst/H2_loader/H2 was not found in the design.
WARNING: Simulation object /tb_qc_encoder/qc_encoder_inst/encode_inst/H2_loader/douta was not found in the design.
WARNING: Simulation object /tb_qc_encoder/qc_encoder_inst/encode_inst/temp was not found in the design.
source FIFO_async.tcl
# set curr_wave [current_wave_config]
# if { [string length $curr_wave] == 0 } {
#   if { [llength [get_objects]] > 0} {
#     add_wave /
#     set_property needs_save false [current_wave_config]
#   } else {
#      send_msg_id Add_Wave-1 WARNING "No top level signals found. Simulator will start without a wave window. If you want to open a wave window go to 'File->New Waveform Configuration' or type 'create_wave_config' in the TCL console."
#   }
# }
# run 1000ns
INFO: [USF-XSim-96] XSim completed. Design snapshot 'FIFO_async_behav' loaded.
INFO: [USF-XSim-97] XSim simulation ran for 1000ns
launch_simulation: Time (s): cpu = 00:00:03 ; elapsed = 00:00:10 . Memory (MB): peak = 1223.535 ; gain = 0.000
run 500 us
set_property top tb_qc_encoder [get_filesets sim_1]
set_property top_lib xil_defaultlib [get_filesets sim_1]
update_compile_order -fileset sim_1
generate_target Simulation [get_files C:/Work/Codes/Realtime/encode_ru_wd/ldpc_ru_encoder/ldpc_ru_encoder.srcs/sources_1/ip/rom27/rom27.xci]
INFO: [IP_Flow 19-1686] Generating 'Simulation' target for IP 'rom27'...
export_ip_user_files -of_objects [get_files C:/Work/Codes/Realtime/encode_ru_wd/ldpc_ru_encoder/ldpc_ru_encoder.srcs/sources_1/ip/rom27/rom27.xci] -no_script -sync -force -quiet
export_simulation -of_objects [get_files C:/Work/Codes/Realtime/encode_ru_wd/ldpc_ru_encoder/ldpc_ru_encoder.srcs/sources_1/ip/rom27/rom27.xci] -directory C:/Work/Codes/Realtime/encode_ru_wd/ldpc_ru_encoder/ldpc_ru_encoder.ip_user_files/sim_scripts -ip_user_files_dir C:/Work/Codes/Realtime/encode_ru_wd/ldpc_ru_encoder/ldpc_ru_encoder.ip_user_files -ipstatic_source_dir C:/Work/Codes/Realtime/encode_ru_wd/ldpc_ru_encoder/ldpc_ru_encoder.ip_user_files/ipstatic -lib_map_path [list {modelsim=C:/Work/Codes/Realtime/encode_ru_wd/ldpc_ru_encoder/ldpc_ru_encoder.cache/compile_simlib/modelsim} {questa=C:/Work/Codes/Realtime/encode_ru_wd/ldpc_ru_encoder/ldpc_ru_encoder.cache/compile_simlib/questa} {riviera=C:/Work/Codes/Realtime/encode_ru_wd/ldpc_ru_encoder/ldpc_ru_encoder.cache/compile_simlib/riviera} {activehdl=C:/Work/Codes/Realtime/encode_ru_wd/ldpc_ru_encoder/ldpc_ru_encoder.cache/compile_simlib/activehdl}] -use_ip_compiled_libs -force -quiet
generate_target Simulation [get_files C:/Work/Codes/Realtime/encode_ru_wd/ldpc_ru_encoder/ldpc_ru_encoder.srcs/sources_1/ip/rom26/rom26.xci]
INFO: [IP_Flow 19-1686] Generating 'Simulation' target for IP 'rom26'...
export_ip_user_files -of_objects [get_files C:/Work/Codes/Realtime/encode_ru_wd/ldpc_ru_encoder/ldpc_ru_encoder.srcs/sources_1/ip/rom26/rom26.xci] -no_script -sync -force -quiet
export_simulation -of_objects [get_files C:/Work/Codes/Realtime/encode_ru_wd/ldpc_ru_encoder/ldpc_ru_encoder.srcs/sources_1/ip/rom26/rom26.xci] -directory C:/Work/Codes/Realtime/encode_ru_wd/ldpc_ru_encoder/ldpc_ru_encoder.ip_user_files/sim_scripts -ip_user_files_dir C:/Work/Codes/Realtime/encode_ru_wd/ldpc_ru_encoder/ldpc_ru_encoder.ip_user_files -ipstatic_source_dir C:/Work/Codes/Realtime/encode_ru_wd/ldpc_ru_encoder/ldpc_ru_encoder.ip_user_files/ipstatic -lib_map_path [list {modelsim=C:/Work/Codes/Realtime/encode_ru_wd/ldpc_ru_encoder/ldpc_ru_encoder.cache/compile_simlib/modelsim} {questa=C:/Work/Codes/Realtime/encode_ru_wd/ldpc_ru_encoder/ldpc_ru_encoder.cache/compile_simlib/questa} {riviera=C:/Work/Codes/Realtime/encode_ru_wd/ldpc_ru_encoder/ldpc_ru_encoder.cache/compile_simlib/riviera} {activehdl=C:/Work/Codes/Realtime/encode_ru_wd/ldpc_ru_encoder/ldpc_ru_encoder.cache/compile_simlib/activehdl}] -use_ip_compiled_libs -force -quiet
generate_target Simulation [get_files C:/Work/Codes/Realtime/encode_ru_wd/ldpc_ru_encoder/ldpc_ru_encoder.srcs/sources_1/ip/rom25/rom25.xci]
INFO: [IP_Flow 19-1686] Generating 'Simulation' target for IP 'rom25'...
export_ip_user_files -of_objects [get_files C:/Work/Codes/Realtime/encode_ru_wd/ldpc_ru_encoder/ldpc_ru_encoder.srcs/sources_1/ip/rom25/rom25.xci] -no_script -sync -force -quiet
export_simulation -of_objects [get_files C:/Work/Codes/Realtime/encode_ru_wd/ldpc_ru_encoder/ldpc_ru_encoder.srcs/sources_1/ip/rom25/rom25.xci] -directory C:/Work/Codes/Realtime/encode_ru_wd/ldpc_ru_encoder/ldpc_ru_encoder.ip_user_files/sim_scripts -ip_user_files_dir C:/Work/Codes/Realtime/encode_ru_wd/ldpc_ru_encoder/ldpc_ru_encoder.ip_user_files -ipstatic_source_dir C:/Work/Codes/Realtime/encode_ru_wd/ldpc_ru_encoder/ldpc_ru_encoder.ip_user_files/ipstatic -lib_map_path [list {modelsim=C:/Work/Codes/Realtime/encode_ru_wd/ldpc_ru_encoder/ldpc_ru_encoder.cache/compile_simlib/modelsim} {questa=C:/Work/Codes/Realtime/encode_ru_wd/ldpc_ru_encoder/ldpc_ru_encoder.cache/compile_simlib/questa} {riviera=C:/Work/Codes/Realtime/encode_ru_wd/ldpc_ru_encoder/ldpc_ru_encoder.cache/compile_simlib/riviera} {activehdl=C:/Work/Codes/Realtime/encode_ru_wd/ldpc_ru_encoder/ldpc_ru_encoder.cache/compile_simlib/activehdl}] -use_ip_compiled_libs -force -quiet
generate_target Simulation [get_files C:/Work/Codes/Realtime/encode_ru_wd/ldpc_ru_encoder/ldpc_ru_encoder.srcs/sources_1/ip/rom24/rom24.xci]
INFO: [IP_Flow 19-1686] Generating 'Simulation' target for IP 'rom24'...
export_ip_user_files -of_objects [get_files C:/Work/Codes/Realtime/encode_ru_wd/ldpc_ru_encoder/ldpc_ru_encoder.srcs/sources_1/ip/rom24/rom24.xci] -no_script -sync -force -quiet
export_simulation -of_objects [get_files C:/Work/Codes/Realtime/encode_ru_wd/ldpc_ru_encoder/ldpc_ru_encoder.srcs/sources_1/ip/rom24/rom24.xci] -directory C:/Work/Codes/Realtime/encode_ru_wd/ldpc_ru_encoder/ldpc_ru_encoder.ip_user_files/sim_scripts -ip_user_files_dir C:/Work/Codes/Realtime/encode_ru_wd/ldpc_ru_encoder/ldpc_ru_encoder.ip_user_files -ipstatic_source_dir C:/Work/Codes/Realtime/encode_ru_wd/ldpc_ru_encoder/ldpc_ru_encoder.ip_user_files/ipstatic -lib_map_path [list {modelsim=C:/Work/Codes/Realtime/encode_ru_wd/ldpc_ru_encoder/ldpc_ru_encoder.cache/compile_simlib/modelsim} {questa=C:/Work/Codes/Realtime/encode_ru_wd/ldpc_ru_encoder/ldpc_ru_encoder.cache/compile_simlib/questa} {riviera=C:/Work/Codes/Realtime/encode_ru_wd/ldpc_ru_encoder/ldpc_ru_encoder.cache/compile_simlib/riviera} {activehdl=C:/Work/Codes/Realtime/encode_ru_wd/ldpc_ru_encoder/ldpc_ru_encoder.cache/compile_simlib/activehdl}] -use_ip_compiled_libs -force -quiet
generate_target Simulation [get_files C:/Work/Codes/Realtime/encode_ru_wd/ldpc_ru_encoder/ldpc_ru_encoder.srcs/sources_1/ip/rom23/rom23.xci]
INFO: [IP_Flow 19-1686] Generating 'Simulation' target for IP 'rom23'...
export_ip_user_files -of_objects [get_files C:/Work/Codes/Realtime/encode_ru_wd/ldpc_ru_encoder/ldpc_ru_encoder.srcs/sources_1/ip/rom23/rom23.xci] -no_script -sync -force -quiet
export_simulation -of_objects [get_files C:/Work/Codes/Realtime/encode_ru_wd/ldpc_ru_encoder/ldpc_ru_encoder.srcs/sources_1/ip/rom23/rom23.xci] -directory C:/Work/Codes/Realtime/encode_ru_wd/ldpc_ru_encoder/ldpc_ru_encoder.ip_user_files/sim_scripts -ip_user_files_dir C:/Work/Codes/Realtime/encode_ru_wd/ldpc_ru_encoder/ldpc_ru_encoder.ip_user_files -ipstatic_source_dir C:/Work/Codes/Realtime/encode_ru_wd/ldpc_ru_encoder/ldpc_ru_encoder.ip_user_files/ipstatic -lib_map_path [list {modelsim=C:/Work/Codes/Realtime/encode_ru_wd/ldpc_ru_encoder/ldpc_ru_encoder.cache/compile_simlib/modelsim} {questa=C:/Work/Codes/Realtime/encode_ru_wd/ldpc_ru_encoder/ldpc_ru_encoder.cache/compile_simlib/questa} {riviera=C:/Work/Codes/Realtime/encode_ru_wd/ldpc_ru_encoder/ldpc_ru_encoder.cache/compile_simlib/riviera} {activehdl=C:/Work/Codes/Realtime/encode_ru_wd/ldpc_ru_encoder/ldpc_ru_encoder.cache/compile_simlib/activehdl}] -use_ip_compiled_libs -force -quiet
generate_target Simulation [get_files C:/Work/Codes/Realtime/encode_ru_wd/ldpc_ru_encoder/ldpc_ru_encoder.srcs/sources_1/ip/rom22/rom22.xci]
INFO: [IP_Flow 19-1686] Generating 'Simulation' target for IP 'rom22'...
export_ip_user_files -of_objects [get_files C:/Work/Codes/Realtime/encode_ru_wd/ldpc_ru_encoder/ldpc_ru_encoder.srcs/sources_1/ip/rom22/rom22.xci] -no_script -sync -force -quiet
export_simulation -of_objects [get_files C:/Work/Codes/Realtime/encode_ru_wd/ldpc_ru_encoder/ldpc_ru_encoder.srcs/sources_1/ip/rom22/rom22.xci] -directory C:/Work/Codes/Realtime/encode_ru_wd/ldpc_ru_encoder/ldpc_ru_encoder.ip_user_files/sim_scripts -ip_user_files_dir C:/Work/Codes/Realtime/encode_ru_wd/ldpc_ru_encoder/ldpc_ru_encoder.ip_user_files -ipstatic_source_dir C:/Work/Codes/Realtime/encode_ru_wd/ldpc_ru_encoder/ldpc_ru_encoder.ip_user_files/ipstatic -lib_map_path [list {modelsim=C:/Work/Codes/Realtime/encode_ru_wd/ldpc_ru_encoder/ldpc_ru_encoder.cache/compile_simlib/modelsim} {questa=C:/Work/Codes/Realtime/encode_ru_wd/ldpc_ru_encoder/ldpc_ru_encoder.cache/compile_simlib/questa} {riviera=C:/Work/Codes/Realtime/encode_ru_wd/ldpc_ru_encoder/ldpc_ru_encoder.cache/compile_simlib/riviera} {activehdl=C:/Work/Codes/Realtime/encode_ru_wd/ldpc_ru_encoder/ldpc_ru_encoder.cache/compile_simlib/activehdl}] -use_ip_compiled_libs -force -quiet
generate_target Simulation [get_files C:/Work/Codes/Realtime/encode_ru_wd/ldpc_ru_encoder/ldpc_ru_encoder.srcs/sources_1/ip/rom21/rom21.xci]
INFO: [IP_Flow 19-1686] Generating 'Simulation' target for IP 'rom21'...
export_ip_user_files -of_objects [get_files C:/Work/Codes/Realtime/encode_ru_wd/ldpc_ru_encoder/ldpc_ru_encoder.srcs/sources_1/ip/rom21/rom21.xci] -no_script -sync -force -quiet
export_simulation -of_objects [get_files C:/Work/Codes/Realtime/encode_ru_wd/ldpc_ru_encoder/ldpc_ru_encoder.srcs/sources_1/ip/rom21/rom21.xci] -directory C:/Work/Codes/Realtime/encode_ru_wd/ldpc_ru_encoder/ldpc_ru_encoder.ip_user_files/sim_scripts -ip_user_files_dir C:/Work/Codes/Realtime/encode_ru_wd/ldpc_ru_encoder/ldpc_ru_encoder.ip_user_files -ipstatic_source_dir C:/Work/Codes/Realtime/encode_ru_wd/ldpc_ru_encoder/ldpc_ru_encoder.ip_user_files/ipstatic -lib_map_path [list {modelsim=C:/Work/Codes/Realtime/encode_ru_wd/ldpc_ru_encoder/ldpc_ru_encoder.cache/compile_simlib/modelsim} {questa=C:/Work/Codes/Realtime/encode_ru_wd/ldpc_ru_encoder/ldpc_ru_encoder.cache/compile_simlib/questa} {riviera=C:/Work/Codes/Realtime/encode_ru_wd/ldpc_ru_encoder/ldpc_ru_encoder.cache/compile_simlib/riviera} {activehdl=C:/Work/Codes/Realtime/encode_ru_wd/ldpc_ru_encoder/ldpc_ru_encoder.cache/compile_simlib/activehdl}] -use_ip_compiled_libs -force -quiet
generate_target Simulation [get_files C:/Work/Codes/Realtime/encode_ru_wd/ldpc_ru_encoder/ldpc_ru_encoder.srcs/sources_1/ip/rom20/rom20.xci]
INFO: [IP_Flow 19-1686] Generating 'Simulation' target for IP 'rom20'...
export_ip_user_files -of_objects [get_files C:/Work/Codes/Realtime/encode_ru_wd/ldpc_ru_encoder/ldpc_ru_encoder.srcs/sources_1/ip/rom20/rom20.xci] -no_script -sync -force -quiet
export_simulation -of_objects [get_files C:/Work/Codes/Realtime/encode_ru_wd/ldpc_ru_encoder/ldpc_ru_encoder.srcs/sources_1/ip/rom20/rom20.xci] -directory C:/Work/Codes/Realtime/encode_ru_wd/ldpc_ru_encoder/ldpc_ru_encoder.ip_user_files/sim_scripts -ip_user_files_dir C:/Work/Codes/Realtime/encode_ru_wd/ldpc_ru_encoder/ldpc_ru_encoder.ip_user_files -ipstatic_source_dir C:/Work/Codes/Realtime/encode_ru_wd/ldpc_ru_encoder/ldpc_ru_encoder.ip_user_files/ipstatic -lib_map_path [list {modelsim=C:/Work/Codes/Realtime/encode_ru_wd/ldpc_ru_encoder/ldpc_ru_encoder.cache/compile_simlib/modelsim} {questa=C:/Work/Codes/Realtime/encode_ru_wd/ldpc_ru_encoder/ldpc_ru_encoder.cache/compile_simlib/questa} {riviera=C:/Work/Codes/Realtime/encode_ru_wd/ldpc_ru_encoder/ldpc_ru_encoder.cache/compile_simlib/riviera} {activehdl=C:/Work/Codes/Realtime/encode_ru_wd/ldpc_ru_encoder/ldpc_ru_encoder.cache/compile_simlib/activehdl}] -use_ip_compiled_libs -force -quiet
generate_target Simulation [get_files C:/Work/Codes/Realtime/encode_ru_wd/ldpc_ru_encoder/ldpc_ru_encoder.srcs/sources_1/ip/rom19/rom19.xci]
INFO: [IP_Flow 19-1686] Generating 'Simulation' target for IP 'rom19'...
export_ip_user_files -of_objects [get_files C:/Work/Codes/Realtime/encode_ru_wd/ldpc_ru_encoder/ldpc_ru_encoder.srcs/sources_1/ip/rom19/rom19.xci] -no_script -sync -force -quiet
export_simulation -of_objects [get_files C:/Work/Codes/Realtime/encode_ru_wd/ldpc_ru_encoder/ldpc_ru_encoder.srcs/sources_1/ip/rom19/rom19.xci] -directory C:/Work/Codes/Realtime/encode_ru_wd/ldpc_ru_encoder/ldpc_ru_encoder.ip_user_files/sim_scripts -ip_user_files_dir C:/Work/Codes/Realtime/encode_ru_wd/ldpc_ru_encoder/ldpc_ru_encoder.ip_user_files -ipstatic_source_dir C:/Work/Codes/Realtime/encode_ru_wd/ldpc_ru_encoder/ldpc_ru_encoder.ip_user_files/ipstatic -lib_map_path [list {modelsim=C:/Work/Codes/Realtime/encode_ru_wd/ldpc_ru_encoder/ldpc_ru_encoder.cache/compile_simlib/modelsim} {questa=C:/Work/Codes/Realtime/encode_ru_wd/ldpc_ru_encoder/ldpc_ru_encoder.cache/compile_simlib/questa} {riviera=C:/Work/Codes/Realtime/encode_ru_wd/ldpc_ru_encoder/ldpc_ru_encoder.cache/compile_simlib/riviera} {activehdl=C:/Work/Codes/Realtime/encode_ru_wd/ldpc_ru_encoder/ldpc_ru_encoder.cache/compile_simlib/activehdl}] -use_ip_compiled_libs -force -quiet
generate_target Simulation [get_files C:/Work/Codes/Realtime/encode_ru_wd/ldpc_ru_encoder/ldpc_ru_encoder.srcs/sources_1/ip/rom18/rom18.xci]
INFO: [IP_Flow 19-1686] Generating 'Simulation' target for IP 'rom18'...
export_ip_user_files -of_objects [get_files C:/Work/Codes/Realtime/encode_ru_wd/ldpc_ru_encoder/ldpc_ru_encoder.srcs/sources_1/ip/rom18/rom18.xci] -no_script -sync -force -quiet
export_simulation -of_objects [get_files C:/Work/Codes/Realtime/encode_ru_wd/ldpc_ru_encoder/ldpc_ru_encoder.srcs/sources_1/ip/rom18/rom18.xci] -directory C:/Work/Codes/Realtime/encode_ru_wd/ldpc_ru_encoder/ldpc_ru_encoder.ip_user_files/sim_scripts -ip_user_files_dir C:/Work/Codes/Realtime/encode_ru_wd/ldpc_ru_encoder/ldpc_ru_encoder.ip_user_files -ipstatic_source_dir C:/Work/Codes/Realtime/encode_ru_wd/ldpc_ru_encoder/ldpc_ru_encoder.ip_user_files/ipstatic -lib_map_path [list {modelsim=C:/Work/Codes/Realtime/encode_ru_wd/ldpc_ru_encoder/ldpc_ru_encoder.cache/compile_simlib/modelsim} {questa=C:/Work/Codes/Realtime/encode_ru_wd/ldpc_ru_encoder/ldpc_ru_encoder.cache/compile_simlib/questa} {riviera=C:/Work/Codes/Realtime/encode_ru_wd/ldpc_ru_encoder/ldpc_ru_encoder.cache/compile_simlib/riviera} {activehdl=C:/Work/Codes/Realtime/encode_ru_wd/ldpc_ru_encoder/ldpc_ru_encoder.cache/compile_simlib/activehdl}] -use_ip_compiled_libs -force -quiet
generate_target Simulation [get_files C:/Work/Codes/Realtime/encode_ru_wd/ldpc_ru_encoder/ldpc_ru_encoder.srcs/sources_1/ip/rom17/rom17.xci]
INFO: [IP_Flow 19-1686] Generating 'Simulation' target for IP 'rom17'...
export_ip_user_files -of_objects [get_files C:/Work/Codes/Realtime/encode_ru_wd/ldpc_ru_encoder/ldpc_ru_encoder.srcs/sources_1/ip/rom17/rom17.xci] -no_script -sync -force -quiet
export_simulation -of_objects [get_files C:/Work/Codes/Realtime/encode_ru_wd/ldpc_ru_encoder/ldpc_ru_encoder.srcs/sources_1/ip/rom17/rom17.xci] -directory C:/Work/Codes/Realtime/encode_ru_wd/ldpc_ru_encoder/ldpc_ru_encoder.ip_user_files/sim_scripts -ip_user_files_dir C:/Work/Codes/Realtime/encode_ru_wd/ldpc_ru_encoder/ldpc_ru_encoder.ip_user_files -ipstatic_source_dir C:/Work/Codes/Realtime/encode_ru_wd/ldpc_ru_encoder/ldpc_ru_encoder.ip_user_files/ipstatic -lib_map_path [list {modelsim=C:/Work/Codes/Realtime/encode_ru_wd/ldpc_ru_encoder/ldpc_ru_encoder.cache/compile_simlib/modelsim} {questa=C:/Work/Codes/Realtime/encode_ru_wd/ldpc_ru_encoder/ldpc_ru_encoder.cache/compile_simlib/questa} {riviera=C:/Work/Codes/Realtime/encode_ru_wd/ldpc_ru_encoder/ldpc_ru_encoder.cache/compile_simlib/riviera} {activehdl=C:/Work/Codes/Realtime/encode_ru_wd/ldpc_ru_encoder/ldpc_ru_encoder.cache/compile_simlib/activehdl}] -use_ip_compiled_libs -force -quiet
generate_target Simulation [get_files C:/Work/Codes/Realtime/encode_ru_wd/ldpc_ru_encoder/ldpc_ru_encoder.srcs/sources_1/ip/rom16/rom16.xci]
INFO: [IP_Flow 19-1686] Generating 'Simulation' target for IP 'rom16'...
export_ip_user_files -of_objects [get_files C:/Work/Codes/Realtime/encode_ru_wd/ldpc_ru_encoder/ldpc_ru_encoder.srcs/sources_1/ip/rom16/rom16.xci] -no_script -sync -force -quiet
export_simulation -of_objects [get_files C:/Work/Codes/Realtime/encode_ru_wd/ldpc_ru_encoder/ldpc_ru_encoder.srcs/sources_1/ip/rom16/rom16.xci] -directory C:/Work/Codes/Realtime/encode_ru_wd/ldpc_ru_encoder/ldpc_ru_encoder.ip_user_files/sim_scripts -ip_user_files_dir C:/Work/Codes/Realtime/encode_ru_wd/ldpc_ru_encoder/ldpc_ru_encoder.ip_user_files -ipstatic_source_dir C:/Work/Codes/Realtime/encode_ru_wd/ldpc_ru_encoder/ldpc_ru_encoder.ip_user_files/ipstatic -lib_map_path [list {modelsim=C:/Work/Codes/Realtime/encode_ru_wd/ldpc_ru_encoder/ldpc_ru_encoder.cache/compile_simlib/modelsim} {questa=C:/Work/Codes/Realtime/encode_ru_wd/ldpc_ru_encoder/ldpc_ru_encoder.cache/compile_simlib/questa} {riviera=C:/Work/Codes/Realtime/encode_ru_wd/ldpc_ru_encoder/ldpc_ru_encoder.cache/compile_simlib/riviera} {activehdl=C:/Work/Codes/Realtime/encode_ru_wd/ldpc_ru_encoder/ldpc_ru_encoder.cache/compile_simlib/activehdl}] -use_ip_compiled_libs -force -quiet
generate_target Simulation [get_files C:/Work/Codes/Realtime/encode_ru_wd/ldpc_ru_encoder/ldpc_ru_encoder.srcs/sources_1/ip/rom15/rom15.xci]
INFO: [IP_Flow 19-1686] Generating 'Simulation' target for IP 'rom15'...
export_ip_user_files -of_objects [get_files C:/Work/Codes/Realtime/encode_ru_wd/ldpc_ru_encoder/ldpc_ru_encoder.srcs/sources_1/ip/rom15/rom15.xci] -no_script -sync -force -quiet
export_simulation -of_objects [get_files C:/Work/Codes/Realtime/encode_ru_wd/ldpc_ru_encoder/ldpc_ru_encoder.srcs/sources_1/ip/rom15/rom15.xci] -directory C:/Work/Codes/Realtime/encode_ru_wd/ldpc_ru_encoder/ldpc_ru_encoder.ip_user_files/sim_scripts -ip_user_files_dir C:/Work/Codes/Realtime/encode_ru_wd/ldpc_ru_encoder/ldpc_ru_encoder.ip_user_files -ipstatic_source_dir C:/Work/Codes/Realtime/encode_ru_wd/ldpc_ru_encoder/ldpc_ru_encoder.ip_user_files/ipstatic -lib_map_path [list {modelsim=C:/Work/Codes/Realtime/encode_ru_wd/ldpc_ru_encoder/ldpc_ru_encoder.cache/compile_simlib/modelsim} {questa=C:/Work/Codes/Realtime/encode_ru_wd/ldpc_ru_encoder/ldpc_ru_encoder.cache/compile_simlib/questa} {riviera=C:/Work/Codes/Realtime/encode_ru_wd/ldpc_ru_encoder/ldpc_ru_encoder.cache/compile_simlib/riviera} {activehdl=C:/Work/Codes/Realtime/encode_ru_wd/ldpc_ru_encoder/ldpc_ru_encoder.cache/compile_simlib/activehdl}] -use_ip_compiled_libs -force -quiet
generate_target Simulation [get_files C:/Work/Codes/Realtime/encode_ru_wd/ldpc_ru_encoder/ldpc_ru_encoder.srcs/sources_1/ip/rom14/rom14.xci]
INFO: [IP_Flow 19-1686] Generating 'Simulation' target for IP 'rom14'...
export_ip_user_files -of_objects [get_files C:/Work/Codes/Realtime/encode_ru_wd/ldpc_ru_encoder/ldpc_ru_encoder.srcs/sources_1/ip/rom14/rom14.xci] -no_script -sync -force -quiet
export_simulation -of_objects [get_files C:/Work/Codes/Realtime/encode_ru_wd/ldpc_ru_encoder/ldpc_ru_encoder.srcs/sources_1/ip/rom14/rom14.xci] -directory C:/Work/Codes/Realtime/encode_ru_wd/ldpc_ru_encoder/ldpc_ru_encoder.ip_user_files/sim_scripts -ip_user_files_dir C:/Work/Codes/Realtime/encode_ru_wd/ldpc_ru_encoder/ldpc_ru_encoder.ip_user_files -ipstatic_source_dir C:/Work/Codes/Realtime/encode_ru_wd/ldpc_ru_encoder/ldpc_ru_encoder.ip_user_files/ipstatic -lib_map_path [list {modelsim=C:/Work/Codes/Realtime/encode_ru_wd/ldpc_ru_encoder/ldpc_ru_encoder.cache/compile_simlib/modelsim} {questa=C:/Work/Codes/Realtime/encode_ru_wd/ldpc_ru_encoder/ldpc_ru_encoder.cache/compile_simlib/questa} {riviera=C:/Work/Codes/Realtime/encode_ru_wd/ldpc_ru_encoder/ldpc_ru_encoder.cache/compile_simlib/riviera} {activehdl=C:/Work/Codes/Realtime/encode_ru_wd/ldpc_ru_encoder/ldpc_ru_encoder.cache/compile_simlib/activehdl}] -use_ip_compiled_libs -force -quiet
generate_target Simulation [get_files C:/Work/Codes/Realtime/encode_ru_wd/ldpc_ru_encoder/ldpc_ru_encoder.srcs/sources_1/ip/rom13/rom13.xci]
INFO: [IP_Flow 19-1686] Generating 'Simulation' target for IP 'rom13'...
export_ip_user_files -of_objects [get_files C:/Work/Codes/Realtime/encode_ru_wd/ldpc_ru_encoder/ldpc_ru_encoder.srcs/sources_1/ip/rom13/rom13.xci] -no_script -sync -force -quiet
export_simulation -of_objects [get_files C:/Work/Codes/Realtime/encode_ru_wd/ldpc_ru_encoder/ldpc_ru_encoder.srcs/sources_1/ip/rom13/rom13.xci] -directory C:/Work/Codes/Realtime/encode_ru_wd/ldpc_ru_encoder/ldpc_ru_encoder.ip_user_files/sim_scripts -ip_user_files_dir C:/Work/Codes/Realtime/encode_ru_wd/ldpc_ru_encoder/ldpc_ru_encoder.ip_user_files -ipstatic_source_dir C:/Work/Codes/Realtime/encode_ru_wd/ldpc_ru_encoder/ldpc_ru_encoder.ip_user_files/ipstatic -lib_map_path [list {modelsim=C:/Work/Codes/Realtime/encode_ru_wd/ldpc_ru_encoder/ldpc_ru_encoder.cache/compile_simlib/modelsim} {questa=C:/Work/Codes/Realtime/encode_ru_wd/ldpc_ru_encoder/ldpc_ru_encoder.cache/compile_simlib/questa} {riviera=C:/Work/Codes/Realtime/encode_ru_wd/ldpc_ru_encoder/ldpc_ru_encoder.cache/compile_simlib/riviera} {activehdl=C:/Work/Codes/Realtime/encode_ru_wd/ldpc_ru_encoder/ldpc_ru_encoder.cache/compile_simlib/activehdl}] -use_ip_compiled_libs -force -quiet
generate_target Simulation [get_files C:/Work/Codes/Realtime/encode_ru_wd/ldpc_ru_encoder/ldpc_ru_encoder.srcs/sources_1/ip/rom12/rom12.xci]
INFO: [IP_Flow 19-1686] Generating 'Simulation' target for IP 'rom12'...
export_ip_user_files -of_objects [get_files C:/Work/Codes/Realtime/encode_ru_wd/ldpc_ru_encoder/ldpc_ru_encoder.srcs/sources_1/ip/rom12/rom12.xci] -no_script -sync -force -quiet
export_simulation -of_objects [get_files C:/Work/Codes/Realtime/encode_ru_wd/ldpc_ru_encoder/ldpc_ru_encoder.srcs/sources_1/ip/rom12/rom12.xci] -directory C:/Work/Codes/Realtime/encode_ru_wd/ldpc_ru_encoder/ldpc_ru_encoder.ip_user_files/sim_scripts -ip_user_files_dir C:/Work/Codes/Realtime/encode_ru_wd/ldpc_ru_encoder/ldpc_ru_encoder.ip_user_files -ipstatic_source_dir C:/Work/Codes/Realtime/encode_ru_wd/ldpc_ru_encoder/ldpc_ru_encoder.ip_user_files/ipstatic -lib_map_path [list {modelsim=C:/Work/Codes/Realtime/encode_ru_wd/ldpc_ru_encoder/ldpc_ru_encoder.cache/compile_simlib/modelsim} {questa=C:/Work/Codes/Realtime/encode_ru_wd/ldpc_ru_encoder/ldpc_ru_encoder.cache/compile_simlib/questa} {riviera=C:/Work/Codes/Realtime/encode_ru_wd/ldpc_ru_encoder/ldpc_ru_encoder.cache/compile_simlib/riviera} {activehdl=C:/Work/Codes/Realtime/encode_ru_wd/ldpc_ru_encoder/ldpc_ru_encoder.cache/compile_simlib/activehdl}] -use_ip_compiled_libs -force -quiet
generate_target Simulation [get_files C:/Work/Codes/Realtime/encode_ru_wd/ldpc_ru_encoder/ldpc_ru_encoder.srcs/sources_1/ip/rom11/rom11.xci]
INFO: [IP_Flow 19-1686] Generating 'Simulation' target for IP 'rom11'...
export_ip_user_files -of_objects [get_files C:/Work/Codes/Realtime/encode_ru_wd/ldpc_ru_encoder/ldpc_ru_encoder.srcs/sources_1/ip/rom11/rom11.xci] -no_script -sync -force -quiet
export_simulation -of_objects [get_files C:/Work/Codes/Realtime/encode_ru_wd/ldpc_ru_encoder/ldpc_ru_encoder.srcs/sources_1/ip/rom11/rom11.xci] -directory C:/Work/Codes/Realtime/encode_ru_wd/ldpc_ru_encoder/ldpc_ru_encoder.ip_user_files/sim_scripts -ip_user_files_dir C:/Work/Codes/Realtime/encode_ru_wd/ldpc_ru_encoder/ldpc_ru_encoder.ip_user_files -ipstatic_source_dir C:/Work/Codes/Realtime/encode_ru_wd/ldpc_ru_encoder/ldpc_ru_encoder.ip_user_files/ipstatic -lib_map_path [list {modelsim=C:/Work/Codes/Realtime/encode_ru_wd/ldpc_ru_encoder/ldpc_ru_encoder.cache/compile_simlib/modelsim} {questa=C:/Work/Codes/Realtime/encode_ru_wd/ldpc_ru_encoder/ldpc_ru_encoder.cache/compile_simlib/questa} {riviera=C:/Work/Codes/Realtime/encode_ru_wd/ldpc_ru_encoder/ldpc_ru_encoder.cache/compile_simlib/riviera} {activehdl=C:/Work/Codes/Realtime/encode_ru_wd/ldpc_ru_encoder/ldpc_ru_encoder.cache/compile_simlib/activehdl}] -use_ip_compiled_libs -force -quiet
generate_target Simulation [get_files C:/Work/Codes/Realtime/encode_ru_wd/ldpc_ru_encoder/ldpc_ru_encoder.srcs/sources_1/ip/rom10/rom10.xci]
INFO: [IP_Flow 19-1686] Generating 'Simulation' target for IP 'rom10'...
export_ip_user_files -of_objects [get_files C:/Work/Codes/Realtime/encode_ru_wd/ldpc_ru_encoder/ldpc_ru_encoder.srcs/sources_1/ip/rom10/rom10.xci] -no_script -sync -force -quiet
export_simulation -of_objects [get_files C:/Work/Codes/Realtime/encode_ru_wd/ldpc_ru_encoder/ldpc_ru_encoder.srcs/sources_1/ip/rom10/rom10.xci] -directory C:/Work/Codes/Realtime/encode_ru_wd/ldpc_ru_encoder/ldpc_ru_encoder.ip_user_files/sim_scripts -ip_user_files_dir C:/Work/Codes/Realtime/encode_ru_wd/ldpc_ru_encoder/ldpc_ru_encoder.ip_user_files -ipstatic_source_dir C:/Work/Codes/Realtime/encode_ru_wd/ldpc_ru_encoder/ldpc_ru_encoder.ip_user_files/ipstatic -lib_map_path [list {modelsim=C:/Work/Codes/Realtime/encode_ru_wd/ldpc_ru_encoder/ldpc_ru_encoder.cache/compile_simlib/modelsim} {questa=C:/Work/Codes/Realtime/encode_ru_wd/ldpc_ru_encoder/ldpc_ru_encoder.cache/compile_simlib/questa} {riviera=C:/Work/Codes/Realtime/encode_ru_wd/ldpc_ru_encoder/ldpc_ru_encoder.cache/compile_simlib/riviera} {activehdl=C:/Work/Codes/Realtime/encode_ru_wd/ldpc_ru_encoder/ldpc_ru_encoder.cache/compile_simlib/activehdl}] -use_ip_compiled_libs -force -quiet
generate_target Simulation [get_files C:/Work/Codes/Realtime/encode_ru_wd/ldpc_ru_encoder/ldpc_ru_encoder.srcs/sources_1/ip/rom9/rom9.xci]
INFO: [IP_Flow 19-1686] Generating 'Simulation' target for IP 'rom9'...
export_ip_user_files -of_objects [get_files C:/Work/Codes/Realtime/encode_ru_wd/ldpc_ru_encoder/ldpc_ru_encoder.srcs/sources_1/ip/rom9/rom9.xci] -no_script -sync -force -quiet
export_simulation -of_objects [get_files C:/Work/Codes/Realtime/encode_ru_wd/ldpc_ru_encoder/ldpc_ru_encoder.srcs/sources_1/ip/rom9/rom9.xci] -directory C:/Work/Codes/Realtime/encode_ru_wd/ldpc_ru_encoder/ldpc_ru_encoder.ip_user_files/sim_scripts -ip_user_files_dir C:/Work/Codes/Realtime/encode_ru_wd/ldpc_ru_encoder/ldpc_ru_encoder.ip_user_files -ipstatic_source_dir C:/Work/Codes/Realtime/encode_ru_wd/ldpc_ru_encoder/ldpc_ru_encoder.ip_user_files/ipstatic -lib_map_path [list {modelsim=C:/Work/Codes/Realtime/encode_ru_wd/ldpc_ru_encoder/ldpc_ru_encoder.cache/compile_simlib/modelsim} {questa=C:/Work/Codes/Realtime/encode_ru_wd/ldpc_ru_encoder/ldpc_ru_encoder.cache/compile_simlib/questa} {riviera=C:/Work/Codes/Realtime/encode_ru_wd/ldpc_ru_encoder/ldpc_ru_encoder.cache/compile_simlib/riviera} {activehdl=C:/Work/Codes/Realtime/encode_ru_wd/ldpc_ru_encoder/ldpc_ru_encoder.cache/compile_simlib/activehdl}] -use_ip_compiled_libs -force -quiet
generate_target Simulation [get_files C:/Work/Codes/Realtime/encode_ru_wd/ldpc_ru_encoder/ldpc_ru_encoder.srcs/sources_1/ip/rom8/rom8.xci]
INFO: [IP_Flow 19-1686] Generating 'Simulation' target for IP 'rom8'...
export_ip_user_files -of_objects [get_files C:/Work/Codes/Realtime/encode_ru_wd/ldpc_ru_encoder/ldpc_ru_encoder.srcs/sources_1/ip/rom8/rom8.xci] -no_script -sync -force -quiet
export_simulation -of_objects [get_files C:/Work/Codes/Realtime/encode_ru_wd/ldpc_ru_encoder/ldpc_ru_encoder.srcs/sources_1/ip/rom8/rom8.xci] -directory C:/Work/Codes/Realtime/encode_ru_wd/ldpc_ru_encoder/ldpc_ru_encoder.ip_user_files/sim_scripts -ip_user_files_dir C:/Work/Codes/Realtime/encode_ru_wd/ldpc_ru_encoder/ldpc_ru_encoder.ip_user_files -ipstatic_source_dir C:/Work/Codes/Realtime/encode_ru_wd/ldpc_ru_encoder/ldpc_ru_encoder.ip_user_files/ipstatic -lib_map_path [list {modelsim=C:/Work/Codes/Realtime/encode_ru_wd/ldpc_ru_encoder/ldpc_ru_encoder.cache/compile_simlib/modelsim} {questa=C:/Work/Codes/Realtime/encode_ru_wd/ldpc_ru_encoder/ldpc_ru_encoder.cache/compile_simlib/questa} {riviera=C:/Work/Codes/Realtime/encode_ru_wd/ldpc_ru_encoder/ldpc_ru_encoder.cache/compile_simlib/riviera} {activehdl=C:/Work/Codes/Realtime/encode_ru_wd/ldpc_ru_encoder/ldpc_ru_encoder.cache/compile_simlib/activehdl}] -use_ip_compiled_libs -force -quiet
generate_target Simulation [get_files C:/Work/Codes/Realtime/encode_ru_wd/ldpc_ru_encoder/ldpc_ru_encoder.srcs/sources_1/ip/rom7/rom7.xci]
INFO: [IP_Flow 19-1686] Generating 'Simulation' target for IP 'rom7'...
export_ip_user_files -of_objects [get_files C:/Work/Codes/Realtime/encode_ru_wd/ldpc_ru_encoder/ldpc_ru_encoder.srcs/sources_1/ip/rom7/rom7.xci] -no_script -sync -force -quiet
export_simulation -of_objects [get_files C:/Work/Codes/Realtime/encode_ru_wd/ldpc_ru_encoder/ldpc_ru_encoder.srcs/sources_1/ip/rom7/rom7.xci] -directory C:/Work/Codes/Realtime/encode_ru_wd/ldpc_ru_encoder/ldpc_ru_encoder.ip_user_files/sim_scripts -ip_user_files_dir C:/Work/Codes/Realtime/encode_ru_wd/ldpc_ru_encoder/ldpc_ru_encoder.ip_user_files -ipstatic_source_dir C:/Work/Codes/Realtime/encode_ru_wd/ldpc_ru_encoder/ldpc_ru_encoder.ip_user_files/ipstatic -lib_map_path [list {modelsim=C:/Work/Codes/Realtime/encode_ru_wd/ldpc_ru_encoder/ldpc_ru_encoder.cache/compile_simlib/modelsim} {questa=C:/Work/Codes/Realtime/encode_ru_wd/ldpc_ru_encoder/ldpc_ru_encoder.cache/compile_simlib/questa} {riviera=C:/Work/Codes/Realtime/encode_ru_wd/ldpc_ru_encoder/ldpc_ru_encoder.cache/compile_simlib/riviera} {activehdl=C:/Work/Codes/Realtime/encode_ru_wd/ldpc_ru_encoder/ldpc_ru_encoder.cache/compile_simlib/activehdl}] -use_ip_compiled_libs -force -quiet
generate_target Simulation [get_files C:/Work/Codes/Realtime/encode_ru_wd/ldpc_ru_encoder/ldpc_ru_encoder.srcs/sources_1/ip/rom6/rom6.xci]
INFO: [IP_Flow 19-1686] Generating 'Simulation' target for IP 'rom6'...
export_ip_user_files -of_objects [get_files C:/Work/Codes/Realtime/encode_ru_wd/ldpc_ru_encoder/ldpc_ru_encoder.srcs/sources_1/ip/rom6/rom6.xci] -no_script -sync -force -quiet
export_simulation -of_objects [get_files C:/Work/Codes/Realtime/encode_ru_wd/ldpc_ru_encoder/ldpc_ru_encoder.srcs/sources_1/ip/rom6/rom6.xci] -directory C:/Work/Codes/Realtime/encode_ru_wd/ldpc_ru_encoder/ldpc_ru_encoder.ip_user_files/sim_scripts -ip_user_files_dir C:/Work/Codes/Realtime/encode_ru_wd/ldpc_ru_encoder/ldpc_ru_encoder.ip_user_files -ipstatic_source_dir C:/Work/Codes/Realtime/encode_ru_wd/ldpc_ru_encoder/ldpc_ru_encoder.ip_user_files/ipstatic -lib_map_path [list {modelsim=C:/Work/Codes/Realtime/encode_ru_wd/ldpc_ru_encoder/ldpc_ru_encoder.cache/compile_simlib/modelsim} {questa=C:/Work/Codes/Realtime/encode_ru_wd/ldpc_ru_encoder/ldpc_ru_encoder.cache/compile_simlib/questa} {riviera=C:/Work/Codes/Realtime/encode_ru_wd/ldpc_ru_encoder/ldpc_ru_encoder.cache/compile_simlib/riviera} {activehdl=C:/Work/Codes/Realtime/encode_ru_wd/ldpc_ru_encoder/ldpc_ru_encoder.cache/compile_simlib/activehdl}] -use_ip_compiled_libs -force -quiet
generate_target Simulation [get_files C:/Work/Codes/Realtime/encode_ru_wd/ldpc_ru_encoder/ldpc_ru_encoder.srcs/sources_1/ip/rom5/rom5.xci]
INFO: [IP_Flow 19-1686] Generating 'Simulation' target for IP 'rom5'...
export_ip_user_files -of_objects [get_files C:/Work/Codes/Realtime/encode_ru_wd/ldpc_ru_encoder/ldpc_ru_encoder.srcs/sources_1/ip/rom5/rom5.xci] -no_script -sync -force -quiet
export_simulation -of_objects [get_files C:/Work/Codes/Realtime/encode_ru_wd/ldpc_ru_encoder/ldpc_ru_encoder.srcs/sources_1/ip/rom5/rom5.xci] -directory C:/Work/Codes/Realtime/encode_ru_wd/ldpc_ru_encoder/ldpc_ru_encoder.ip_user_files/sim_scripts -ip_user_files_dir C:/Work/Codes/Realtime/encode_ru_wd/ldpc_ru_encoder/ldpc_ru_encoder.ip_user_files -ipstatic_source_dir C:/Work/Codes/Realtime/encode_ru_wd/ldpc_ru_encoder/ldpc_ru_encoder.ip_user_files/ipstatic -lib_map_path [list {modelsim=C:/Work/Codes/Realtime/encode_ru_wd/ldpc_ru_encoder/ldpc_ru_encoder.cache/compile_simlib/modelsim} {questa=C:/Work/Codes/Realtime/encode_ru_wd/ldpc_ru_encoder/ldpc_ru_encoder.cache/compile_simlib/questa} {riviera=C:/Work/Codes/Realtime/encode_ru_wd/ldpc_ru_encoder/ldpc_ru_encoder.cache/compile_simlib/riviera} {activehdl=C:/Work/Codes/Realtime/encode_ru_wd/ldpc_ru_encoder/ldpc_ru_encoder.cache/compile_simlib/activehdl}] -use_ip_compiled_libs -force -quiet
generate_target Simulation [get_files C:/Work/Codes/Realtime/encode_ru_wd/ldpc_ru_encoder/ldpc_ru_encoder.srcs/sources_1/ip/rom4/rom4.xci]
INFO: [IP_Flow 19-1686] Generating 'Simulation' target for IP 'rom4'...
export_ip_user_files -of_objects [get_files C:/Work/Codes/Realtime/encode_ru_wd/ldpc_ru_encoder/ldpc_ru_encoder.srcs/sources_1/ip/rom4/rom4.xci] -no_script -sync -force -quiet
export_simulation -of_objects [get_files C:/Work/Codes/Realtime/encode_ru_wd/ldpc_ru_encoder/ldpc_ru_encoder.srcs/sources_1/ip/rom4/rom4.xci] -directory C:/Work/Codes/Realtime/encode_ru_wd/ldpc_ru_encoder/ldpc_ru_encoder.ip_user_files/sim_scripts -ip_user_files_dir C:/Work/Codes/Realtime/encode_ru_wd/ldpc_ru_encoder/ldpc_ru_encoder.ip_user_files -ipstatic_source_dir C:/Work/Codes/Realtime/encode_ru_wd/ldpc_ru_encoder/ldpc_ru_encoder.ip_user_files/ipstatic -lib_map_path [list {modelsim=C:/Work/Codes/Realtime/encode_ru_wd/ldpc_ru_encoder/ldpc_ru_encoder.cache/compile_simlib/modelsim} {questa=C:/Work/Codes/Realtime/encode_ru_wd/ldpc_ru_encoder/ldpc_ru_encoder.cache/compile_simlib/questa} {riviera=C:/Work/Codes/Realtime/encode_ru_wd/ldpc_ru_encoder/ldpc_ru_encoder.cache/compile_simlib/riviera} {activehdl=C:/Work/Codes/Realtime/encode_ru_wd/ldpc_ru_encoder/ldpc_ru_encoder.cache/compile_simlib/activehdl}] -use_ip_compiled_libs -force -quiet
generate_target Simulation [get_files C:/Work/Codes/Realtime/encode_ru_wd/ldpc_ru_encoder/ldpc_ru_encoder.srcs/sources_1/ip/rom3/rom3.xci]
INFO: [IP_Flow 19-1686] Generating 'Simulation' target for IP 'rom3'...
export_ip_user_files -of_objects [get_files C:/Work/Codes/Realtime/encode_ru_wd/ldpc_ru_encoder/ldpc_ru_encoder.srcs/sources_1/ip/rom3/rom3.xci] -no_script -sync -force -quiet
export_simulation -of_objects [get_files C:/Work/Codes/Realtime/encode_ru_wd/ldpc_ru_encoder/ldpc_ru_encoder.srcs/sources_1/ip/rom3/rom3.xci] -directory C:/Work/Codes/Realtime/encode_ru_wd/ldpc_ru_encoder/ldpc_ru_encoder.ip_user_files/sim_scripts -ip_user_files_dir C:/Work/Codes/Realtime/encode_ru_wd/ldpc_ru_encoder/ldpc_ru_encoder.ip_user_files -ipstatic_source_dir C:/Work/Codes/Realtime/encode_ru_wd/ldpc_ru_encoder/ldpc_ru_encoder.ip_user_files/ipstatic -lib_map_path [list {modelsim=C:/Work/Codes/Realtime/encode_ru_wd/ldpc_ru_encoder/ldpc_ru_encoder.cache/compile_simlib/modelsim} {questa=C:/Work/Codes/Realtime/encode_ru_wd/ldpc_ru_encoder/ldpc_ru_encoder.cache/compile_simlib/questa} {riviera=C:/Work/Codes/Realtime/encode_ru_wd/ldpc_ru_encoder/ldpc_ru_encoder.cache/compile_simlib/riviera} {activehdl=C:/Work/Codes/Realtime/encode_ru_wd/ldpc_ru_encoder/ldpc_ru_encoder.cache/compile_simlib/activehdl}] -use_ip_compiled_libs -force -quiet
generate_target Simulation [get_files C:/Work/Codes/Realtime/encode_ru_wd/ldpc_ru_encoder/ldpc_ru_encoder.srcs/sources_1/ip/rom2/rom2.xci]
INFO: [IP_Flow 19-1686] Generating 'Simulation' target for IP 'rom2'...
export_ip_user_files -of_objects [get_files C:/Work/Codes/Realtime/encode_ru_wd/ldpc_ru_encoder/ldpc_ru_encoder.srcs/sources_1/ip/rom2/rom2.xci] -no_script -sync -force -quiet
export_simulation -of_objects [get_files C:/Work/Codes/Realtime/encode_ru_wd/ldpc_ru_encoder/ldpc_ru_encoder.srcs/sources_1/ip/rom2/rom2.xci] -directory C:/Work/Codes/Realtime/encode_ru_wd/ldpc_ru_encoder/ldpc_ru_encoder.ip_user_files/sim_scripts -ip_user_files_dir C:/Work/Codes/Realtime/encode_ru_wd/ldpc_ru_encoder/ldpc_ru_encoder.ip_user_files -ipstatic_source_dir C:/Work/Codes/Realtime/encode_ru_wd/ldpc_ru_encoder/ldpc_ru_encoder.ip_user_files/ipstatic -lib_map_path [list {modelsim=C:/Work/Codes/Realtime/encode_ru_wd/ldpc_ru_encoder/ldpc_ru_encoder.cache/compile_simlib/modelsim} {questa=C:/Work/Codes/Realtime/encode_ru_wd/ldpc_ru_encoder/ldpc_ru_encoder.cache/compile_simlib/questa} {riviera=C:/Work/Codes/Realtime/encode_ru_wd/ldpc_ru_encoder/ldpc_ru_encoder.cache/compile_simlib/riviera} {activehdl=C:/Work/Codes/Realtime/encode_ru_wd/ldpc_ru_encoder/ldpc_ru_encoder.cache/compile_simlib/activehdl}] -use_ip_compiled_libs -force -quiet
generate_target Simulation [get_files C:/Work/Codes/Realtime/encode_ru_wd/ldpc_ru_encoder/ldpc_ru_encoder.srcs/sources_1/ip/rom1/rom1.xci]
INFO: [IP_Flow 19-1686] Generating 'Simulation' target for IP 'rom1'...
export_ip_user_files -of_objects [get_files C:/Work/Codes/Realtime/encode_ru_wd/ldpc_ru_encoder/ldpc_ru_encoder.srcs/sources_1/ip/rom1/rom1.xci] -no_script -sync -force -quiet
export_simulation -of_objects [get_files C:/Work/Codes/Realtime/encode_ru_wd/ldpc_ru_encoder/ldpc_ru_encoder.srcs/sources_1/ip/rom1/rom1.xci] -directory C:/Work/Codes/Realtime/encode_ru_wd/ldpc_ru_encoder/ldpc_ru_encoder.ip_user_files/sim_scripts -ip_user_files_dir C:/Work/Codes/Realtime/encode_ru_wd/ldpc_ru_encoder/ldpc_ru_encoder.ip_user_files -ipstatic_source_dir C:/Work/Codes/Realtime/encode_ru_wd/ldpc_ru_encoder/ldpc_ru_encoder.ip_user_files/ipstatic -lib_map_path [list {modelsim=C:/Work/Codes/Realtime/encode_ru_wd/ldpc_ru_encoder/ldpc_ru_encoder.cache/compile_simlib/modelsim} {questa=C:/Work/Codes/Realtime/encode_ru_wd/ldpc_ru_encoder/ldpc_ru_encoder.cache/compile_simlib/questa} {riviera=C:/Work/Codes/Realtime/encode_ru_wd/ldpc_ru_encoder/ldpc_ru_encoder.cache/compile_simlib/riviera} {activehdl=C:/Work/Codes/Realtime/encode_ru_wd/ldpc_ru_encoder/ldpc_ru_encoder.cache/compile_simlib/activehdl}] -use_ip_compiled_libs -force -quiet
launch_simulation
Command: launch_simulation 
INFO: [Vivado 12-12493] Simulation top is 'tb_qc_encoder'
boost::filesystem::remove: : "C:/Work/Codes/Realtime/encode_ru_wd/ldpc_ru_encoder/ldpc_ru_encoder.sim/sim_1/behav/xsim/simulate.log"
relaunch_sim
Command: launch_simulation -simset sim_1 -mode behavioral
INFO: [Vivado 12-12493] Simulation top is 'tb_qc_encoder'
INFO: [Vivado 12-5698] Checking validity of IPs in the design for the 'XSim' simulator...
INFO: [Runs 36-567] Checking/generating simulation output products for IPs/BDs (if any)...
INFO: [Vivado 12-5682] Launching behavioral simulation in 'C:/Work/Codes/Realtime/encode_ru_wd/ldpc_ru_encoder/ldpc_ru_encoder.sim/sim_1/behav/xsim'
INFO: [Vivado 12-4795] Using compiled simulation libraries for IPs
INFO: [SIM-utils-51] Simulation object is 'sim_1'
INFO: [SIM-utils-72] Using boost library from 'C:/Xilinx/2021.1/Vivado/2021.1/tps/boost_1_72_0'
INFO: [USF-XSim-7] Finding pre-compiled libraries...
INFO: [USF-XSim-11] File 'C:/Xilinx/2021.1/Vivado/2021.1/data/xsim/xsim.ini' copied to run dir:'C:/Work/Codes/Realtime/encode_ru_wd/ldpc_ru_encoder/ldpc_ru_encoder.sim/sim_1/behav/xsim'
INFO: [SIM-utils-54] Inspecting design source files for 'tb_qc_encoder' in fileset 'sim_1'...
INFO: [SIM-utils-43] Exported 'C:/Work/Codes/Realtime/encode_ru_wd/ldpc_ru_encoder/ldpc_ru_encoder.sim/sim_1/behav/xsim/prbs_rom.mif'
INFO: [SIM-utils-43] Exported 'C:/Work/Codes/Realtime/encode_ru_wd/ldpc_ru_encoder/ldpc_ru_encoder.sim/sim_1/behav/xsim/PRBS.coe'
INFO: [SIM-utils-43] Exported 'C:/Work/Codes/Realtime/encode_ru_wd/ldpc_ru_encoder/ldpc_ru_encoder.sim/sim_1/behav/xsim/rom1.mif'
INFO: [SIM-utils-43] Exported 'C:/Work/Codes/Realtime/encode_ru_wd/ldpc_ru_encoder/ldpc_ru_encoder.sim/sim_1/behav/xsim/H1.coe'
INFO: [SIM-utils-43] Exported 'C:/Work/Codes/Realtime/encode_ru_wd/ldpc_ru_encoder/ldpc_ru_encoder.sim/sim_1/behav/xsim/rom10.mif'
INFO: [SIM-utils-43] Exported 'C:/Work/Codes/Realtime/encode_ru_wd/ldpc_ru_encoder/ldpc_ru_encoder.sim/sim_1/behav/xsim/H10.coe'
INFO: [SIM-utils-43] Exported 'C:/Work/Codes/Realtime/encode_ru_wd/ldpc_ru_encoder/ldpc_ru_encoder.sim/sim_1/behav/xsim/rom11.mif'
INFO: [SIM-utils-43] Exported 'C:/Work/Codes/Realtime/encode_ru_wd/ldpc_ru_encoder/ldpc_ru_encoder.sim/sim_1/behav/xsim/H11.coe'
INFO: [SIM-utils-43] Exported 'C:/Work/Codes/Realtime/encode_ru_wd/ldpc_ru_encoder/ldpc_ru_encoder.sim/sim_1/behav/xsim/rom12.mif'
INFO: [SIM-utils-43] Exported 'C:/Work/Codes/Realtime/encode_ru_wd/ldpc_ru_encoder/ldpc_ru_encoder.sim/sim_1/behav/xsim/H12.coe'
INFO: [SIM-utils-43] Exported 'C:/Work/Codes/Realtime/encode_ru_wd/ldpc_ru_encoder/ldpc_ru_encoder.sim/sim_1/behav/xsim/rom13.mif'
INFO: [SIM-utils-43] Exported 'C:/Work/Codes/Realtime/encode_ru_wd/ldpc_ru_encoder/ldpc_ru_encoder.sim/sim_1/behav/xsim/H13.coe'
INFO: [SIM-utils-43] Exported 'C:/Work/Codes/Realtime/encode_ru_wd/ldpc_ru_encoder/ldpc_ru_encoder.sim/sim_1/behav/xsim/rom14.mif'
INFO: [SIM-utils-43] Exported 'C:/Work/Codes/Realtime/encode_ru_wd/ldpc_ru_encoder/ldpc_ru_encoder.sim/sim_1/behav/xsim/H14.coe'
INFO: [SIM-utils-43] Exported 'C:/Work/Codes/Realtime/encode_ru_wd/ldpc_ru_encoder/ldpc_ru_encoder.sim/sim_1/behav/xsim/rom15.mif'
INFO: [SIM-utils-43] Exported 'C:/Work/Codes/Realtime/encode_ru_wd/ldpc_ru_encoder/ldpc_ru_encoder.sim/sim_1/behav/xsim/H15.coe'
INFO: [SIM-utils-43] Exported 'C:/Work/Codes/Realtime/encode_ru_wd/ldpc_ru_encoder/ldpc_ru_encoder.sim/sim_1/behav/xsim/rom16.mif'
INFO: [SIM-utils-43] Exported 'C:/Work/Codes/Realtime/encode_ru_wd/ldpc_ru_encoder/ldpc_ru_encoder.sim/sim_1/behav/xsim/H16.coe'
INFO: [SIM-utils-43] Exported 'C:/Work/Codes/Realtime/encode_ru_wd/ldpc_ru_encoder/ldpc_ru_encoder.sim/sim_1/behav/xsim/rom17.mif'
INFO: [SIM-utils-43] Exported 'C:/Work/Codes/Realtime/encode_ru_wd/ldpc_ru_encoder/ldpc_ru_encoder.sim/sim_1/behav/xsim/H17.coe'
INFO: [SIM-utils-43] Exported 'C:/Work/Codes/Realtime/encode_ru_wd/ldpc_ru_encoder/ldpc_ru_encoder.sim/sim_1/behav/xsim/rom18.mif'
INFO: [SIM-utils-43] Exported 'C:/Work/Codes/Realtime/encode_ru_wd/ldpc_ru_encoder/ldpc_ru_encoder.sim/sim_1/behav/xsim/H18.coe'
INFO: [SIM-utils-43] Exported 'C:/Work/Codes/Realtime/encode_ru_wd/ldpc_ru_encoder/ldpc_ru_encoder.sim/sim_1/behav/xsim/rom19.mif'
INFO: [SIM-utils-43] Exported 'C:/Work/Codes/Realtime/encode_ru_wd/ldpc_ru_encoder/ldpc_ru_encoder.sim/sim_1/behav/xsim/H19.coe'
INFO: [SIM-utils-43] Exported 'C:/Work/Codes/Realtime/encode_ru_wd/ldpc_ru_encoder/ldpc_ru_encoder.sim/sim_1/behav/xsim/rom2.mif'
INFO: [SIM-utils-43] Exported 'C:/Work/Codes/Realtime/encode_ru_wd/ldpc_ru_encoder/ldpc_ru_encoder.sim/sim_1/behav/xsim/H2.coe'
INFO: [SIM-utils-43] Exported 'C:/Work/Codes/Realtime/encode_ru_wd/ldpc_ru_encoder/ldpc_ru_encoder.sim/sim_1/behav/xsim/rom20.mif'
INFO: [SIM-utils-43] Exported 'C:/Work/Codes/Realtime/encode_ru_wd/ldpc_ru_encoder/ldpc_ru_encoder.sim/sim_1/behav/xsim/H20.coe'
INFO: [SIM-utils-43] Exported 'C:/Work/Codes/Realtime/encode_ru_wd/ldpc_ru_encoder/ldpc_ru_encoder.sim/sim_1/behav/xsim/rom21.mif'
INFO: [SIM-utils-43] Exported 'C:/Work/Codes/Realtime/encode_ru_wd/ldpc_ru_encoder/ldpc_ru_encoder.sim/sim_1/behav/xsim/H21.coe'
INFO: [SIM-utils-43] Exported 'C:/Work/Codes/Realtime/encode_ru_wd/ldpc_ru_encoder/ldpc_ru_encoder.sim/sim_1/behav/xsim/rom22.mif'
INFO: [SIM-utils-43] Exported 'C:/Work/Codes/Realtime/encode_ru_wd/ldpc_ru_encoder/ldpc_ru_encoder.sim/sim_1/behav/xsim/H22.coe'
INFO: [SIM-utils-43] Exported 'C:/Work/Codes/Realtime/encode_ru_wd/ldpc_ru_encoder/ldpc_ru_encoder.sim/sim_1/behav/xsim/rom23.mif'
INFO: [SIM-utils-43] Exported 'C:/Work/Codes/Realtime/encode_ru_wd/ldpc_ru_encoder/ldpc_ru_encoder.sim/sim_1/behav/xsim/H23.coe'
INFO: [SIM-utils-43] Exported 'C:/Work/Codes/Realtime/encode_ru_wd/ldpc_ru_encoder/ldpc_ru_encoder.sim/sim_1/behav/xsim/rom24.mif'
INFO: [SIM-utils-43] Exported 'C:/Work/Codes/Realtime/encode_ru_wd/ldpc_ru_encoder/ldpc_ru_encoder.sim/sim_1/behav/xsim/H24.coe'
INFO: [SIM-utils-43] Exported 'C:/Work/Codes/Realtime/encode_ru_wd/ldpc_ru_encoder/ldpc_ru_encoder.sim/sim_1/behav/xsim/rom25.mif'
INFO: [SIM-utils-43] Exported 'C:/Work/Codes/Realtime/encode_ru_wd/ldpc_ru_encoder/ldpc_ru_encoder.sim/sim_1/behav/xsim/H25.coe'
INFO: [SIM-utils-43] Exported 'C:/Work/Codes/Realtime/encode_ru_wd/ldpc_ru_encoder/ldpc_ru_encoder.sim/sim_1/behav/xsim/rom26.mif'
INFO: [SIM-utils-43] Exported 'C:/Work/Codes/Realtime/encode_ru_wd/ldpc_ru_encoder/ldpc_ru_encoder.sim/sim_1/behav/xsim/H26.coe'
INFO: [SIM-utils-43] Exported 'C:/Work/Codes/Realtime/encode_ru_wd/ldpc_ru_encoder/ldpc_ru_encoder.sim/sim_1/behav/xsim/rom27.mif'
INFO: [SIM-utils-43] Exported 'C:/Work/Codes/Realtime/encode_ru_wd/ldpc_ru_encoder/ldpc_ru_encoder.sim/sim_1/behav/xsim/H27.coe'
INFO: [SIM-utils-43] Exported 'C:/Work/Codes/Realtime/encode_ru_wd/ldpc_ru_encoder/ldpc_ru_encoder.sim/sim_1/behav/xsim/rom3.mif'
INFO: [SIM-utils-43] Exported 'C:/Work/Codes/Realtime/encode_ru_wd/ldpc_ru_encoder/ldpc_ru_encoder.sim/sim_1/behav/xsim/H3.coe'
INFO: [SIM-utils-43] Exported 'C:/Work/Codes/Realtime/encode_ru_wd/ldpc_ru_encoder/ldpc_ru_encoder.sim/sim_1/behav/xsim/rom4.mif'
INFO: [SIM-utils-43] Exported 'C:/Work/Codes/Realtime/encode_ru_wd/ldpc_ru_encoder/ldpc_ru_encoder.sim/sim_1/behav/xsim/H4.coe'
INFO: [SIM-utils-43] Exported 'C:/Work/Codes/Realtime/encode_ru_wd/ldpc_ru_encoder/ldpc_ru_encoder.sim/sim_1/behav/xsim/rom5.mif'
INFO: [SIM-utils-43] Exported 'C:/Work/Codes/Realtime/encode_ru_wd/ldpc_ru_encoder/ldpc_ru_encoder.sim/sim_1/behav/xsim/H5.coe'
INFO: [SIM-utils-43] Exported 'C:/Work/Codes/Realtime/encode_ru_wd/ldpc_ru_encoder/ldpc_ru_encoder.sim/sim_1/behav/xsim/rom6.mif'
INFO: [SIM-utils-43] Exported 'C:/Work/Codes/Realtime/encode_ru_wd/ldpc_ru_encoder/ldpc_ru_encoder.sim/sim_1/behav/xsim/H6.coe'
INFO: [SIM-utils-43] Exported 'C:/Work/Codes/Realtime/encode_ru_wd/ldpc_ru_encoder/ldpc_ru_encoder.sim/sim_1/behav/xsim/rom7.mif'
INFO: [SIM-utils-43] Exported 'C:/Work/Codes/Realtime/encode_ru_wd/ldpc_ru_encoder/ldpc_ru_encoder.sim/sim_1/behav/xsim/H7.coe'
INFO: [SIM-utils-43] Exported 'C:/Work/Codes/Realtime/encode_ru_wd/ldpc_ru_encoder/ldpc_ru_encoder.sim/sim_1/behav/xsim/rom8.mif'
INFO: [SIM-utils-43] Exported 'C:/Work/Codes/Realtime/encode_ru_wd/ldpc_ru_encoder/ldpc_ru_encoder.sim/sim_1/behav/xsim/H8.coe'
INFO: [SIM-utils-43] Exported 'C:/Work/Codes/Realtime/encode_ru_wd/ldpc_ru_encoder/ldpc_ru_encoder.sim/sim_1/behav/xsim/rom9.mif'
INFO: [SIM-utils-43] Exported 'C:/Work/Codes/Realtime/encode_ru_wd/ldpc_ru_encoder/ldpc_ru_encoder.sim/sim_1/behav/xsim/H9.coe'
INFO: [SIM-utils-43] Exported 'C:/Work/Codes/Realtime/encode_ru_wd/ldpc_ru_encoder/ldpc_ru_encoder.sim/sim_1/behav/xsim/rom_H2.mif'
INFO: [SIM-utils-43] Exported 'C:/Work/Codes/Realtime/encode_ru_wd/ldpc_ru_encoder/ldpc_ru_encoder.sim/sim_1/behav/xsim/H2matrix.coe'
INFO: [USF-XSim-97] Finding global include files...
INFO: [USF-XSim-98] Fetching design files from 'sim_1'...
INFO: [USF-XSim-2] XSim::Compile design
INFO: [USF-XSim-61] Executing 'COMPILE and ANALYZE' step in 'C:/Work/Codes/Realtime/encode_ru_wd/ldpc_ru_encoder/ldpc_ru_encoder.sim/sim_1/behav/xsim'
"xvlog --incr --relax -L uvm -prj tb_qc_encoder_vlog.prj"
INFO: [VRFC 10-2263] Analyzing Verilog file "C:/Work/Codes/Realtime/encode_ru_wd/ldpc_ru_encoder/ldpc_ru_encoder.gen/sources_1/ip/prbs_rom/sim/prbs_rom.v" into library xil_defaultlib
INFO: [VRFC 10-311] analyzing module prbs_rom
INFO: [VRFC 10-2263] Analyzing Verilog file "C:/Work/Codes/Realtime/encode_ru_wd/ldpc_ru_encoder/ldpc_ru_encoder.gen/sources_1/ip/rom_H2/sim/rom_H2.v" into library xil_defaultlib
INFO: [VRFC 10-311] analyzing module rom_H2
INFO: [VRFC 10-2263] Analyzing Verilog file "C:/Work/Codes/Realtime/encode_ru_wd/ldpc_ru_encoder/ldpc_ru_encoder.gen/sources_1/ip/rom27/sim/rom27.v" into library xil_defaultlib
INFO: [VRFC 10-311] analyzing module rom27
INFO: [VRFC 10-2263] Analyzing Verilog file "C:/Work/Codes/Realtime/encode_ru_wd/ldpc_ru_encoder/ldpc_ru_encoder.gen/sources_1/ip/rom26/sim/rom26.v" into library xil_defaultlib
INFO: [VRFC 10-311] analyzing module rom26
INFO: [VRFC 10-2263] Analyzing Verilog file "C:/Work/Codes/Realtime/encode_ru_wd/ldpc_ru_encoder/ldpc_ru_encoder.gen/sources_1/ip/rom25/sim/rom25.v" into library xil_defaultlib
INFO: [VRFC 10-311] analyzing module rom25
INFO: [VRFC 10-2263] Analyzing Verilog file "C:/Work/Codes/Realtime/encode_ru_wd/ldpc_ru_encoder/ldpc_ru_encoder.gen/sources_1/ip/rom24/sim/rom24.v" into library xil_defaultlib
INFO: [VRFC 10-311] analyzing module rom24
INFO: [VRFC 10-2263] Analyzing Verilog file "C:/Work/Codes/Realtime/encode_ru_wd/ldpc_ru_encoder/ldpc_ru_encoder.gen/sources_1/ip/rom23/sim/rom23.v" into library xil_defaultlib
INFO: [VRFC 10-311] analyzing module rom23
INFO: [VRFC 10-2263] Analyzing Verilog file "C:/Work/Codes/Realtime/encode_ru_wd/ldpc_ru_encoder/ldpc_ru_encoder.gen/sources_1/ip/rom22/sim/rom22.v" into library xil_defaultlib
INFO: [VRFC 10-311] analyzing module rom22
INFO: [VRFC 10-2263] Analyzing Verilog file "C:/Work/Codes/Realtime/encode_ru_wd/ldpc_ru_encoder/ldpc_ru_encoder.gen/sources_1/ip/rom21/sim/rom21.v" into library xil_defaultlib
INFO: [VRFC 10-311] analyzing module rom21
INFO: [VRFC 10-2263] Analyzing Verilog file "C:/Work/Codes/Realtime/encode_ru_wd/ldpc_ru_encoder/ldpc_ru_encoder.gen/sources_1/ip/rom20/sim/rom20.v" into library xil_defaultlib
INFO: [VRFC 10-311] analyzing module rom20
INFO: [VRFC 10-2263] Analyzing Verilog file "C:/Work/Codes/Realtime/encode_ru_wd/ldpc_ru_encoder/ldpc_ru_encoder.gen/sources_1/ip/rom19/sim/rom19.v" into library xil_defaultlib
INFO: [VRFC 10-311] analyzing module rom19
INFO: [VRFC 10-2263] Analyzing Verilog file "C:/Work/Codes/Realtime/encode_ru_wd/ldpc_ru_encoder/ldpc_ru_encoder.gen/sources_1/ip/rom18/sim/rom18.v" into library xil_defaultlib
INFO: [VRFC 10-311] analyzing module rom18
INFO: [VRFC 10-2263] Analyzing Verilog file "C:/Work/Codes/Realtime/encode_ru_wd/ldpc_ru_encoder/ldpc_ru_encoder.gen/sources_1/ip/rom17/sim/rom17.v" into library xil_defaultlib
INFO: [VRFC 10-311] analyzing module rom17
INFO: [VRFC 10-2263] Analyzing Verilog file "C:/Work/Codes/Realtime/encode_ru_wd/ldpc_ru_encoder/ldpc_ru_encoder.gen/sources_1/ip/rom16/sim/rom16.v" into library xil_defaultlib
INFO: [VRFC 10-311] analyzing module rom16
INFO: [VRFC 10-2263] Analyzing Verilog file "C:/Work/Codes/Realtime/encode_ru_wd/ldpc_ru_encoder/ldpc_ru_encoder.gen/sources_1/ip/rom15/sim/rom15.v" into library xil_defaultlib
INFO: [VRFC 10-311] analyzing module rom15
INFO: [VRFC 10-2263] Analyzing Verilog file "C:/Work/Codes/Realtime/encode_ru_wd/ldpc_ru_encoder/ldpc_ru_encoder.gen/sources_1/ip/rom14/sim/rom14.v" into library xil_defaultlib
INFO: [VRFC 10-311] analyzing module rom14
INFO: [VRFC 10-2263] Analyzing Verilog file "C:/Work/Codes/Realtime/encode_ru_wd/ldpc_ru_encoder/ldpc_ru_encoder.gen/sources_1/ip/rom13/sim/rom13.v" into library xil_defaultlib
INFO: [VRFC 10-311] analyzing module rom13
INFO: [VRFC 10-2263] Analyzing Verilog file "C:/Work/Codes/Realtime/encode_ru_wd/ldpc_ru_encoder/ldpc_ru_encoder.gen/sources_1/ip/rom12/sim/rom12.v" into library xil_defaultlib
INFO: [VRFC 10-311] analyzing module rom12
INFO: [VRFC 10-2263] Analyzing Verilog file "C:/Work/Codes/Realtime/encode_ru_wd/ldpc_ru_encoder/ldpc_ru_encoder.gen/sources_1/ip/rom11/sim/rom11.v" into library xil_defaultlib
INFO: [VRFC 10-311] analyzing module rom11
INFO: [VRFC 10-2263] Analyzing Verilog file "C:/Work/Codes/Realtime/encode_ru_wd/ldpc_ru_encoder/ldpc_ru_encoder.gen/sources_1/ip/rom10/sim/rom10.v" into library xil_defaultlib
INFO: [VRFC 10-311] analyzing module rom10
INFO: [VRFC 10-2263] Analyzing Verilog file "C:/Work/Codes/Realtime/encode_ru_wd/ldpc_ru_encoder/ldpc_ru_encoder.gen/sources_1/ip/rom9/sim/rom9.v" into library xil_defaultlib
INFO: [VRFC 10-311] analyzing module rom9
INFO: [VRFC 10-2263] Analyzing Verilog file "C:/Work/Codes/Realtime/encode_ru_wd/ldpc_ru_encoder/ldpc_ru_encoder.gen/sources_1/ip/rom8/sim/rom8.v" into library xil_defaultlib
INFO: [VRFC 10-311] analyzing module rom8
INFO: [VRFC 10-2263] Analyzing Verilog file "C:/Work/Codes/Realtime/encode_ru_wd/ldpc_ru_encoder/ldpc_ru_encoder.gen/sources_1/ip/rom7/sim/rom7.v" into library xil_defaultlib
INFO: [VRFC 10-311] analyzing module rom7
INFO: [VRFC 10-2263] Analyzing Verilog file "C:/Work/Codes/Realtime/encode_ru_wd/ldpc_ru_encoder/ldpc_ru_encoder.gen/sources_1/ip/rom6/sim/rom6.v" into library xil_defaultlib
INFO: [VRFC 10-311] analyzing module rom6
INFO: [VRFC 10-2263] Analyzing Verilog file "C:/Work/Codes/Realtime/encode_ru_wd/ldpc_ru_encoder/ldpc_ru_encoder.gen/sources_1/ip/rom5/sim/rom5.v" into library xil_defaultlib
INFO: [VRFC 10-311] analyzing module rom5
INFO: [VRFC 10-2263] Analyzing Verilog file "C:/Work/Codes/Realtime/encode_ru_wd/ldpc_ru_encoder/ldpc_ru_encoder.gen/sources_1/ip/rom4/sim/rom4.v" into library xil_defaultlib
INFO: [VRFC 10-311] analyzing module rom4
INFO: [VRFC 10-2263] Analyzing Verilog file "C:/Work/Codes/Realtime/encode_ru_wd/ldpc_ru_encoder/ldpc_ru_encoder.gen/sources_1/ip/rom3/sim/rom3.v" into library xil_defaultlib
INFO: [VRFC 10-311] analyzing module rom3
INFO: [VRFC 10-2263] Analyzing Verilog file "C:/Work/Codes/Realtime/encode_ru_wd/ldpc_ru_encoder/ldpc_ru_encoder.gen/sources_1/ip/rom2/sim/rom2.v" into library xil_defaultlib
INFO: [VRFC 10-311] analyzing module rom2
INFO: [VRFC 10-2263] Analyzing Verilog file "C:/Work/Codes/Realtime/encode_ru_wd/ldpc_ru_encoder/ldpc_ru_encoder.gen/sources_1/ip/rom1/sim/rom1.v" into library xil_defaultlib
INFO: [VRFC 10-311] analyzing module rom1
INFO: [VRFC 10-2263] Analyzing SystemVerilog file "C:/Work/Codes/Realtime/encode_ru_wd/rtl/H1_loader.sv" into library xil_defaultlib
INFO: [VRFC 10-311] analyzing module H1_loader
INFO: [VRFC 10-2263] Analyzing SystemVerilog file "C:/Work/Codes/Realtime/encode_ru_wd/rtl/H2_loader.sv" into library xil_defaultlib
INFO: [VRFC 10-311] analyzing module H2_loader
INFO: [VRFC 10-2263] Analyzing SystemVerilog file "C:/Work/Codes/Realtime/encode_ru_wd/rtl/encode.sv" into library xil_defaultlib
INFO: [VRFC 10-311] analyzing module encode
INFO: [VRFC 10-2263] Analyzing SystemVerilog file "C:/Work/Codes/Realtime/encode_ru_wd/rtl/qc_encoder.sv" into library xil_defaultlib
INFO: [VRFC 10-311] analyzing module qc_encoder
INFO: [VRFC 10-2458] undeclared symbol valid_G, assumed default net type wire [C:/Work/Codes/Realtime/encode_ru_wd/rtl/qc_encoder.sv:34]
INFO: [VRFC 10-2458] undeclared symbol o_valid, assumed default net type wire [C:/Work/Codes/Realtime/encode_ru_wd/rtl/qc_encoder.sv:46]
INFO: [VRFC 10-2263] Analyzing SystemVerilog file "C:/Work/Codes/Realtime/encode_ru_wd/sim/tb_qc_encoder.sv" into library xil_defaultlib
INFO: [VRFC 10-311] analyzing module tb_qc_encoder
ERROR: [VRFC 10-2989] 'T' is not declared [C:/Work/Codes/Realtime/encode_ru_wd/sim/tb_qc_encoder.sv:47]
ERROR: [VRFC 10-2865] module 'tb_qc_encoder' ignored due to previous errors [C:/Work/Codes/Realtime/encode_ru_wd/sim/tb_qc_encoder.sv:22]
INFO: [USF-XSim-69] 'compile' step finished in '2' seconds
INFO: [USF-XSim-99] Step results log file:'C:/Work/Codes/Realtime/encode_ru_wd/ldpc_ru_encoder/ldpc_ru_encoder.sim/sim_1/behav/xsim/xvlog.log'
ERROR: [USF-XSim-62] 'compile' step failed with error(s). Please check the Tcl console output or 'C:/Work/Codes/Realtime/encode_ru_wd/ldpc_ru_encoder/ldpc_ru_encoder.sim/sim_1/behav/xsim/xvlog.log' file for more information.
ERROR: [Vivado 12-4473] Detected error while running simulation. Please correct the issue and retry this operation.
ERROR: [Common 17-39] 'launch_simulation' failed due to earlier errors.
ERROR: [Common 17-69] Command failed: ERROR: [Common 17-39] 'launch_simulation' failed due to earlier errors.

close_sim
INFO: [Simtcl 6-16] Simulation closed
exit
INFO: [Common 17-206] Exiting Vivado at Tue Mar 18 09:58:56 2025...
